#! /c/Source/iverilog-install/bin/vvp
:ivl_version "12.0 (devel)" "(s20150603-1539-g2693dd32b)";
:ivl_delay_selection "TYPICAL";
:vpi_time_precision + 0;
:vpi_module "C:\iverilog\lib\ivl\system.vpi";
:vpi_module "C:\iverilog\lib\ivl\vhdl_sys.vpi";
:vpi_module "C:\iverilog\lib\ivl\vhdl_textio.vpi";
:vpi_module "C:\iverilog\lib\ivl\v2005_math.vpi";
:vpi_module "C:\iverilog\lib\ivl\va_math.vpi";
S_0000023bd392f590 .scope module, "Main" "Main" 2 101;
 .timescale 0 0;
    .port_info 0 /OUTPUT 1 "P1";
    .port_info 1 /OUTPUT 1 "P2";
    .port_info 2 /OUTPUT 1 "P3";
    .port_info 3 /OUTPUT 1 "P4";
    .port_info 4 /OUTPUT 1 "P5";
    .port_info 5 /OUTPUT 1 "P6";
    .port_info 6 /INPUT 3 "D1";
    .port_info 7 /INPUT 3 "D2";
    .port_info 8 /INPUT 3 "D3";
    .port_info 9 /INPUT 3 "D4";
    .port_info 10 /INPUT 3 "D5";
    .port_info 11 /INPUT 3 "D6";
L_0000023bd39cef50 .functor OR 1, L_0000023bd39cfa40, L_0000023bd39cf3b0, C4<0>, C4<0>;
L_0000023bd39cf030 .functor BUFZ 1, L_0000023bd39cefc0, C4<0>, C4<0>, C4<0>;
L_0000023bd3a96190 .functor BUFZ 1, L_0000023bd3a95c50, C4<0>, C4<0>, C4<0>;
L_0000023bd3a958d0 .functor BUFZ 1, L_0000023bd3a95e10, C4<0>, C4<0>, C4<0>;
L_0000023bd3a959b0 .functor NOT 1, L_0000023bd3a95e10, C4<0>, C4<0>, C4<0>;
L_0000023bd3a95da0 .functor AND 1, L_0000023bd3a959b0, L_0000023bd3a96fe0, C4<1>, C4<1>;
L_0000023bd3a95f60 .functor BUFZ 1, L_0000023bd3a95da0, C4<0>, C4<0>, C4<0>;
L_0000023bd3a963c0 .functor OR 1, L_0000023bd3a95cc0, L_0000023bd3a95be0, C4<0>, C4<0>;
L_0000023bd3a96560 .functor BUFZ 1, L_0000023bd3a96d40, C4<0>, C4<0>, C4<0>;
L_0000023bd3a97050 .functor BUFZ 1, L_0000023bd3a96db0, C4<0>, C4<0>, C4<0>;
L_0000023bd3a96e20 .functor OR 1, L_0000023bd3a966b0, L_0000023bd3a97360, C4<0>, C4<0>;
L_0000023bd3a97130 .functor OR 1, L_0000023bd3a96f00, L_0000023bd3a97210, C4<0>, C4<0>;
L_0000023bd3a96aa0 .functor OR 1, L_0000023bd3a96c60, L_0000023bd3a96a30, C4<0>, C4<0>;
v0000023bd3a406d0_0 .net "1-Face_Counter_out_0", 0 0, L_0000023bd3a96950;  1 drivers
v0000023bd3a40770_0 .net "1-Face_Counter_out_1", 0 0, L_0000023bd3a968e0;  1 drivers
v0000023bd3a3e8d0_0 .net "1-Face_Counter_out_2", 0 0, L_0000023bd3a97280;  1 drivers
v0000023bd3a44020_0 .net "1-Face_Counter_out_3", 0 0, L_0000023bd3a96870;  1 drivers
v0000023bd3a44700_0 .net "1-Face_Counter_out_4", 0 0, L_0000023bd3a96c60;  1 drivers
v0000023bd3a43c60_0 .net "1-Face_Counter_out_5", 0 0, L_0000023bd3a96a30;  1 drivers
v0000023bd3a43940_0 .net "2-Face_Counter_out_0", 0 0, L_0000023bd3a96720;  1 drivers
v0000023bd3a440c0_0 .net "2-Face_Counter_out_1", 0 0, L_0000023bd3a970c0;  1 drivers
v0000023bd3a43f80_0 .net "2-Face_Counter_out_2", 0 0, L_0000023bd3a969c0;  1 drivers
v0000023bd3a43d00_0 .net "2-Face_Counter_out_3", 0 0, L_0000023bd3a96e90;  1 drivers
v0000023bd3a433a0_0 .net "2-Face_Counter_out_4", 0 0, L_0000023bd3a96f00;  1 drivers
v0000023bd3a447a0_0 .net "2-Face_Counter_out_5", 0 0, L_0000023bd3a97210;  1 drivers
v0000023bd3a44840_0 .net "3-Face_Counter_out_0", 0 0, L_0000023bd3a96f70;  1 drivers
v0000023bd3a438a0_0 .net "3-Face_Counter_out_1", 0 0, L_0000023bd3a96640;  1 drivers
v0000023bd3a443e0_0 .net "3-Face_Counter_out_2", 0 0, L_0000023bd3a97440;  1 drivers
v0000023bd3a43300_0 .net "3-Face_Counter_out_3", 0 0, L_0000023bd3a973d0;  1 drivers
v0000023bd3a44480_0 .net "3-Face_Counter_out_4", 0 0, L_0000023bd3a966b0;  1 drivers
v0000023bd3a439e0_0 .net "3-Face_Counter_out_5", 0 0, L_0000023bd3a97360;  1 drivers
v0000023bd3a43440_0 .net "4-Face_Counter_out_0", 0 0, L_0000023bd3a96cd0;  1 drivers
v0000023bd3a44160_0 .net "4-Face_Counter_out_1", 0 0, L_0000023bd3a965d0;  1 drivers
v0000023bd3a44200_0 .net "4-Face_Counter_out_2", 0 0, L_0000023bd3a971a0;  1 drivers
v0000023bd3a43a80_0 .net "4-Face_Counter_out_3", 0 0, L_0000023bd3a96790;  1 drivers
v0000023bd3a43b20_0 .net "4-Face_Counter_out_4", 0 0, L_0000023bd3a972f0;  1 drivers
v0000023bd3a436c0_0 .net "4-Face_Counter_out_5", 0 0, L_0000023bd3a955c0;  1 drivers
v0000023bd3a445c0_0 .net "5-Face_Counter_out_0", 0 0, L_0000023bd3a95fd0;  1 drivers
v0000023bd3a43ee0_0 .net "5-Face_Counter_out_1", 0 0, L_0000023bd3a95e80;  1 drivers
v0000023bd3a43da0_0 .net "5-Face_Counter_out_2", 0 0, L_0000023bd3a95a20;  1 drivers
v0000023bd3a448e0_0 .net "5-Face_Counter_out_3", 0 0, L_0000023bd3a96350;  1 drivers
v0000023bd3a434e0_0 .net "5-Face_Counter_out_4", 0 0, L_0000023bd3a95cc0;  1 drivers
v0000023bd3a44660_0 .net "5-Face_Counter_out_5", 0 0, L_0000023bd3a95be0;  1 drivers
v0000023bd3a43bc0_0 .net "6-Face_Counter_out_0", 0 0, L_0000023bd39cf960;  1 drivers
v0000023bd3a44980_0 .net "6-Face_Counter_out_1", 0 0, L_0000023bd39cf880;  1 drivers
v0000023bd3a43580_0 .net "6-Face_Counter_out_2", 0 0, L_0000023bd39cf110;  1 drivers
v0000023bd3a43e40_0 .net "6-Face_Counter_out_3", 0 0, L_0000023bd39cf2d0;  1 drivers
v0000023bd3a442a0_0 .net "6-Face_Counter_out_4", 0 0, L_0000023bd39cfa40;  1 drivers
v0000023bd3a44340_0 .net "6-Face_Counter_out_5", 0 0, L_0000023bd39cf3b0;  1 drivers
o0000023bd39e3ec8 .functor BUFZ 3, C4<zzz>; HiZ drive
v0000023bd3a43620_0 .net "D1", 2 0, o0000023bd39e3ec8;  0 drivers
o0000023bd39e4108 .functor BUFZ 3, C4<zzz>; HiZ drive
v0000023bd3a43760_0 .net "D2", 2 0, o0000023bd39e4108;  0 drivers
o0000023bd39e4348 .functor BUFZ 3, C4<zzz>; HiZ drive
v0000023bd3a43800_0 .net "D3", 2 0, o0000023bd39e4348;  0 drivers
o0000023bd39e4588 .functor BUFZ 3, C4<zzz>; HiZ drive
v0000023bd3a44520_0 .net "D4", 2 0, o0000023bd39e4588;  0 drivers
o0000023bd39e47c8 .functor BUFZ 3, C4<zzz>; HiZ drive
v0000023bd3a420e0_0 .net "D5", 2 0, o0000023bd39e47c8;  0 drivers
o0000023bd39e4a08 .functor BUFZ 3, C4<zzz>; HiZ drive
v0000023bd3a42040_0 .net "D6", 2 0, o0000023bd39e4a08;  0 drivers
v0000023bd3a42180_0 .net "DEC_1_out_0", 0 0, v0000023bd3a38470_0;  1 drivers
v0000023bd3a413c0_0 .net "DEC_1_out_1", 0 0, v0000023bd3a37b10_0;  1 drivers
v0000023bd3a41fa0_0 .net "DEC_1_out_2", 0 0, v0000023bd3a38d30_0;  1 drivers
v0000023bd3a40ba0_0 .net "DEC_1_out_3", 0 0, v0000023bd3a37cf0_0;  1 drivers
v0000023bd3a422c0_0 .net "DEC_1_out_4", 0 0, v0000023bd3a374d0_0;  1 drivers
v0000023bd3a41aa0_0 .net "DEC_1_out_5", 0 0, v0000023bd3a38dd0_0;  1 drivers
v0000023bd3a42e00_0 .net "DEC_2_out_0", 0 0, v0000023bd3a386f0_0;  1 drivers
v0000023bd3a42220_0 .net "DEC_2_out_1", 0 0, v0000023bd3a372f0_0;  1 drivers
v0000023bd3a42400_0 .net "DEC_2_out_2", 0 0, v0000023bd3a37250_0;  1 drivers
v0000023bd3a40d80_0 .net "DEC_2_out_3", 0 0, v0000023bd3a38f10_0;  1 drivers
v0000023bd3a42ea0_0 .net "DEC_2_out_4", 0 0, v0000023bd3a37d90_0;  1 drivers
v0000023bd3a418c0_0 .net "DEC_2_out_5", 0 0, v0000023bd3a37f70_0;  1 drivers
v0000023bd3a41c80_0 .net "DEC_3_out_0", 0 0, v0000023bd3a39050_0;  1 drivers
v0000023bd3a40c40_0 .net "DEC_3_out_1", 0 0, v0000023bd3a390f0_0;  1 drivers
v0000023bd3a42f40_0 .net "DEC_3_out_2", 0 0, v0000023bd3a3bf40_0;  1 drivers
v0000023bd3a42fe0_0 .net "DEC_3_out_3", 0 0, v0000023bd3a3c6c0_0;  1 drivers
v0000023bd3a41500_0 .net "DEC_3_out_4", 0 0, v0000023bd3a3c9e0_0;  1 drivers
v0000023bd3a42860_0 .net "DEC_3_out_5", 0 0, v0000023bd3a3c300_0;  1 drivers
v0000023bd3a40ce0_0 .net "DEC_4_out_0", 0 0, v0000023bd3a3c620_0;  1 drivers
v0000023bd3a42720_0 .net "DEC_4_out_1", 0 0, v0000023bd3a3c3a0_0;  1 drivers
v0000023bd3a415a0_0 .net "DEC_4_out_2", 0 0, v0000023bd3a3c440_0;  1 drivers
v0000023bd3a41d20_0 .net "DEC_4_out_3", 0 0, v0000023bd3a3b900_0;  1 drivers
v0000023bd3a42360_0 .net "DEC_4_out_4", 0 0, v0000023bd3a3d3e0_0;  1 drivers
v0000023bd3a41f00_0 .net "DEC_4_out_5", 0 0, v0000023bd3a3d160_0;  1 drivers
v0000023bd3a40e20_0 .net "DEC_5_out_0", 0 0, v0000023bd3a3c940_0;  1 drivers
v0000023bd3a410a0_0 .net "DEC_5_out_1", 0 0, v0000023bd3a3c800_0;  1 drivers
v0000023bd3a42c20_0 .net "DEC_5_out_2", 0 0, v0000023bd3a3c8a0_0;  1 drivers
v0000023bd3a425e0_0 .net "DEC_5_out_3", 0 0, v0000023bd3a3be00_0;  1 drivers
v0000023bd3a42d60_0 .net "DEC_5_out_4", 0 0, v0000023bd3a3bae0_0;  1 drivers
v0000023bd3a40ec0_0 .net "DEC_5_out_5", 0 0, v0000023bd3a3cb20_0;  1 drivers
v0000023bd3a43080_0 .net "DEC_6_out_0", 0 0, v0000023bd3a3bd60_0;  1 drivers
v0000023bd3a41460_0 .net "DEC_6_out_1", 0 0, v0000023bd3a3d200_0;  1 drivers
v0000023bd3a43120_0 .net "DEC_6_out_2", 0 0, v0000023bd3a3d020_0;  1 drivers
v0000023bd3a41140_0 .net "DEC_6_out_3", 0 0, v0000023bd3a3ca80_0;  1 drivers
v0000023bd3a41640_0 .net "DEC_6_out_4", 0 0, v0000023bd3a3bb80_0;  1 drivers
v0000023bd3a411e0_0 .net "DEC_6_out_5", 0 0, v0000023bd3a3cc60_0;  1 drivers
v0000023bd3a431c0_0 .net "P1", 0 0, L_0000023bd39cf030;  1 drivers
v0000023bd3a41000_0 .net "P1_Condition_6_out", 0 0, L_0000023bd39cefc0;  1 drivers
v0000023bd3a42900_0 .net "P2", 0 0, L_0000023bd3a958d0;  1 drivers
v0000023bd3a40f60_0 .net "P2_Condition_7_out", 0 0, L_0000023bd3a95e10;  1 drivers
v0000023bd3a42b80_0 .net "P3", 0 0, L_0000023bd3a95f60;  1 drivers
v0000023bd3a42cc0_0 .net "P3_Condition_8_out", 0 0, L_0000023bd3a96fe0;  1 drivers
v0000023bd3a42ae0_0 .net "P4", 0 0, L_0000023bd3a96190;  1 drivers
v0000023bd3a427c0_0 .net "P4_Condition_9_out", 0 0, L_0000023bd3a95c50;  1 drivers
v0000023bd3a429a0_0 .net "P5", 0 0, L_0000023bd3a96560;  1 drivers
v0000023bd3a41320_0 .net "P5_Condition_10_out", 0 0, L_0000023bd3a96d40;  1 drivers
v0000023bd3a424a0_0 .net "P6", 0 0, L_0000023bd3a97050;  1 drivers
v0000023bd3a416e0_0 .net "P6_Condition_11_out", 0 0, L_0000023bd3a96db0;  1 drivers
v0000023bd3a42a40_0 .net "and_0_out", 0 0, L_0000023bd3a95da0;  1 drivers
v0000023bd3a41780_0 .net "not_0_out", 0 0, L_0000023bd3a959b0;  1 drivers
v0000023bd3a42540_0 .net "or_0_out", 0 0, L_0000023bd3a96aa0;  1 drivers
v0000023bd3a43260_0 .net "or_1_out", 0 0, L_0000023bd3a97130;  1 drivers
v0000023bd3a40b00_0 .net "or_2_out", 0 0, L_0000023bd3a96e20;  1 drivers
v0000023bd3a41280_0 .net "or_3_out", 0 0, L_0000023bd3a963c0;  1 drivers
v0000023bd3a41820_0 .net "or_4_out", 0 0, L_0000023bd39cef50;  1 drivers
S_0000023bd392f7f0 .scope module, "1-Face_Counter" "High_Counter" 2 129, 2 35 0, S_0000023bd392f590;
 .timescale 0 0;
    .port_info 0 /OUTPUT 1 "1_High";
    .port_info 1 /OUTPUT 1 "2_High";
    .port_info 2 /OUTPUT 1 "3_High";
    .port_info 3 /OUTPUT 1 "4_High";
    .port_info 4 /OUTPUT 1 "5_High";
    .port_info 5 /OUTPUT 1 "6_High";
    .port_info 6 /INPUT 1 "Dice_1";
    .port_info 7 /INPUT 1 "Dice_2";
    .port_info 8 /INPUT 1 "Dice_3";
    .port_info 9 /INPUT 1 "Dice_4";
    .port_info 10 /INPUT 1 "Dice_5";
    .port_info 11 /INPUT 1 "Dice_6";
L_0000023bd3a96a30 .functor BUFZ 1, v0000023bd39bd310_0, C4<0>, C4<0>, C4<0>;
L_0000023bd3a96c60 .functor BUFZ 1, v0000023bd39bc870_0, C4<0>, C4<0>, C4<0>;
L_0000023bd3a96870 .functor BUFZ 1, v0000023bd39bd270_0, C4<0>, C4<0>, C4<0>;
L_0000023bd3a97280 .functor BUFZ 1, v0000023bd39bd1d0_0, C4<0>, C4<0>, C4<0>;
L_0000023bd3a968e0 .functor BUFZ 1, v0000023bd39bd090_0, C4<0>, C4<0>, C4<0>;
L_0000023bd3a96950 .functor BUFZ 1, v0000023bd39bd130_0, C4<0>, C4<0>, C4<0>;
v0000023bd39bc9b0_0 .net "1_High", 0 0, L_0000023bd3a96950;  alias, 1 drivers
v0000023bd39bca50_0 .net "2_High", 0 0, L_0000023bd3a968e0;  alias, 1 drivers
v0000023bd39bba10_0 .net "3_High", 0 0, L_0000023bd3a97280;  alias, 1 drivers
v0000023bd39bd590_0 .net "4_High", 0 0, L_0000023bd3a96870;  alias, 1 drivers
v0000023bd39bb790_0 .net "5_High", 0 0, L_0000023bd3a96c60;  alias, 1 drivers
v0000023bd39bb830_0 .net "6_High", 0 0, L_0000023bd3a96a30;  alias, 1 drivers
o0000023bd39e0508 .functor BUFZ 1, C4<z>; HiZ drive
v0000023bd39bb8d0_0 .net "Adder_0_Cout", 0 0, o0000023bd39e0508;  0 drivers
v0000023bd39bb970_0 .net "Adder_0_Sum", 0 0, L_0000023bd3a46210;  1 drivers
o0000023bd39e0568 .functor BUFZ 1, C4<z>; HiZ drive
v0000023bd39bbdd0_0 .net "Adder_1_Cout", 0 0, o0000023bd39e0568;  0 drivers
v0000023bd39bbe70_0 .net "Adder_1_Sum", 0 0, L_0000023bd3a45db0;  1 drivers
o0000023bd39e05c8 .functor BUFZ 1, C4<z>; HiZ drive
v0000023bd39bbf10_0 .net "Adder_2_Cout", 0 0, o0000023bd39e05c8;  0 drivers
v0000023bd39bbfb0_0 .net "Adder_2_Sum", 0 0, L_0000023bd3a46d50;  1 drivers
o0000023bd39e0628 .functor BUFZ 1, C4<z>; HiZ drive
v0000023bd39bc050_0 .net "Adder_3_Cout", 0 0, o0000023bd39e0628;  0 drivers
v0000023bd39bc0f0_0 .net "Adder_3_Sum", 0 0, L_0000023bd3a45e50;  1 drivers
v0000023bd39bc190_0 .net "Decoder_0_out_0", 0 0, v0000023bd39bd130_0;  1 drivers
v0000023bd39bc230_0 .net "Decoder_0_out_1", 0 0, v0000023bd39bd090_0;  1 drivers
v0000023bd39de9a0_0 .net "Decoder_0_out_2", 0 0, v0000023bd39bd1d0_0;  1 drivers
v0000023bd39deb80_0 .net "Decoder_0_out_3", 0 0, v0000023bd39bd270_0;  1 drivers
v0000023bd39dec20_0 .net "Decoder_0_out_4", 0 0, v0000023bd39bc870_0;  1 drivers
v0000023bd39de540_0 .net "Decoder_0_out_5", 0 0, v0000023bd39bd310_0;  1 drivers
v0000023bd39de180_0 .net "Dice_1", 0 0, v0000023bd3a38470_0;  alias, 1 drivers
v0000023bd39dd320_0 .net "Dice_2", 0 0, v0000023bd3a386f0_0;  alias, 1 drivers
v0000023bd39ddfa0_0 .net "Dice_3", 0 0, v0000023bd3a39050_0;  alias, 1 drivers
v0000023bd39dde60_0 .net "Dice_4", 0 0, v0000023bd3a3c620_0;  alias, 1 drivers
v0000023bd39ddb40_0 .net "Dice_5", 0 0, v0000023bd3a3c940_0;  alias, 1 drivers
v0000023bd39dd3c0_0 .net "Dice_6", 0 0, v0000023bd3a3bd60_0;  alias, 1 drivers
v0000023bd39dd140_0 .net "Splitter_0_cmb", 2 0, L_0000023bd3a46710;  1 drivers
v0000023bd39de400_0 .net *"_ivl_0", 0 0, L_0000023bd3a46cb0;  1 drivers
v0000023bd39dea40_0 .net *"_ivl_22", 0 0, L_0000023bd3a472f0;  1 drivers
v0000023bd39ddf00_0 .net *"_ivl_26", 0 0, L_0000023bd3a47070;  1 drivers
v0000023bd39dda00_0 .net *"_ivl_4", 0 0, L_0000023bd3a46670;  1 drivers
L_0000023bd3a49650 .functor BUFT 1, C4<0>, C4<0>, C4<0>, C4<0>;
v0000023bd39ddaa0_0 .net "const_0", 0 0, L_0000023bd3a49650;  1 drivers
L_0000023bd3a46cb0 .arith/sum 1, v0000023bd3a3c620_0, v0000023bd3a3c940_0;
L_0000023bd3a45db0 .arith/sum 1, L_0000023bd3a46cb0, v0000023bd3a3bd60_0;
L_0000023bd3a46670 .arith/sum 1, L_0000023bd3a46210, L_0000023bd3a45db0;
L_0000023bd3a46d50 .arith/sum 1, L_0000023bd3a46670, L_0000023bd3a49650;
L_0000023bd3a46710 .concat [ 1 1 1 0], L_0000023bd3a46d50, L_0000023bd3a45e50, o0000023bd39e0628;
L_0000023bd3a472f0 .arith/sum 1, o0000023bd39e0508, o0000023bd39e0568;
L_0000023bd3a45e50 .arith/sum 1, L_0000023bd3a472f0, o0000023bd39e05c8;
L_0000023bd3a47070 .arith/sum 1, v0000023bd3a38470_0, v0000023bd3a386f0_0;
L_0000023bd3a46210 .arith/sum 1, L_0000023bd3a47070, v0000023bd3a39050_0;
S_0000023bd392b830 .scope module, "Decoder_0" "Decoder8" 2 43, 2 138 0, S_0000023bd392f7f0;
 .timescale 0 0;
    .port_info 0 /OUTPUT 1 "out0";
    .port_info 1 /OUTPUT 1 "out1";
    .port_info 2 /OUTPUT 1 "out2";
    .port_info 3 /OUTPUT 1 "out3";
    .port_info 4 /OUTPUT 1 "out4";
    .port_info 5 /OUTPUT 1 "out5";
    .port_info 6 /OUTPUT 1 "out6";
    .port_info 7 /OUTPUT 1 "out7";
    .port_info 8 /INPUT 3 "sel";
v0000023bd39bcf50_0 .var "out0", 0 0;
v0000023bd39bd130_0 .var "out1", 0 0;
v0000023bd39bd090_0 .var "out2", 0 0;
v0000023bd39bd1d0_0 .var "out3", 0 0;
v0000023bd39bd270_0 .var "out4", 0 0;
v0000023bd39bc870_0 .var "out5", 0 0;
v0000023bd39bd310_0 .var "out6", 0 0;
v0000023bd39bc910_0 .var "out7", 0 0;
v0000023bd39bd4f0_0 .net "sel", 2 0, L_0000023bd3a46710;  alias, 1 drivers
E_0000023bd399d910 .event anyedge, v0000023bd39bd4f0_0;
S_0000023bd392b9c0 .scope module, "2-Face_Counter" "High_Counter" 2 127, 2 35 0, S_0000023bd392f590;
 .timescale 0 0;
    .port_info 0 /OUTPUT 1 "1_High";
    .port_info 1 /OUTPUT 1 "2_High";
    .port_info 2 /OUTPUT 1 "3_High";
    .port_info 3 /OUTPUT 1 "4_High";
    .port_info 4 /OUTPUT 1 "5_High";
    .port_info 5 /OUTPUT 1 "6_High";
    .port_info 6 /INPUT 1 "Dice_1";
    .port_info 7 /INPUT 1 "Dice_2";
    .port_info 8 /INPUT 1 "Dice_3";
    .port_info 9 /INPUT 1 "Dice_4";
    .port_info 10 /INPUT 1 "Dice_5";
    .port_info 11 /INPUT 1 "Dice_6";
L_0000023bd3a97210 .functor BUFZ 1, v0000023bd39dd5a0_0, C4<0>, C4<0>, C4<0>;
L_0000023bd3a96f00 .functor BUFZ 1, v0000023bd39de040_0, C4<0>, C4<0>, C4<0>;
L_0000023bd3a96e90 .functor BUFZ 1, v0000023bd39de220_0, C4<0>, C4<0>, C4<0>;
L_0000023bd3a969c0 .functor BUFZ 1, v0000023bd39de4a0_0, C4<0>, C4<0>, C4<0>;
L_0000023bd3a970c0 .functor BUFZ 1, v0000023bd39dd280_0, C4<0>, C4<0>, C4<0>;
L_0000023bd3a96720 .functor BUFZ 1, v0000023bd39dd640_0, C4<0>, C4<0>, C4<0>;
v0000023bd39de7c0_0 .net "1_High", 0 0, L_0000023bd3a96720;  alias, 1 drivers
v0000023bd39dd460_0 .net "2_High", 0 0, L_0000023bd3a970c0;  alias, 1 drivers
v0000023bd39dddc0_0 .net "3_High", 0 0, L_0000023bd3a969c0;  alias, 1 drivers
v0000023bd39dee00_0 .net "4_High", 0 0, L_0000023bd3a96e90;  alias, 1 drivers
v0000023bd39de0e0_0 .net "5_High", 0 0, L_0000023bd3a96f00;  alias, 1 drivers
v0000023bd39dcf60_0 .net "6_High", 0 0, L_0000023bd3a97210;  alias, 1 drivers
o0000023bd39e0f58 .functor BUFZ 1, C4<z>; HiZ drive
v0000023bd39dd500_0 .net "Adder_0_Cout", 0 0, o0000023bd39e0f58;  0 drivers
v0000023bd39de2c0_0 .net "Adder_0_Sum", 0 0, L_0000023bd3a46350;  1 drivers
o0000023bd39e0fb8 .functor BUFZ 1, C4<z>; HiZ drive
v0000023bd39dd8c0_0 .net "Adder_1_Cout", 0 0, o0000023bd39e0fb8;  0 drivers
v0000023bd39dd0a0_0 .net "Adder_1_Sum", 0 0, L_0000023bd3a483d0;  1 drivers
o0000023bd39e1018 .functor BUFZ 1, C4<z>; HiZ drive
v0000023bd39dd6e0_0 .net "Adder_2_Cout", 0 0, o0000023bd39e1018;  0 drivers
v0000023bd39de360_0 .net "Adder_2_Sum", 0 0, L_0000023bd3a48470;  1 drivers
o0000023bd39e1078 .functor BUFZ 1, C4<z>; HiZ drive
v0000023bd39dd780_0 .net "Adder_3_Cout", 0 0, o0000023bd39e1078;  0 drivers
v0000023bd39de680_0 .net "Adder_3_Sum", 0 0, L_0000023bd3a48e70;  1 drivers
v0000023bd39dd960_0 .net "Decoder_0_out_0", 0 0, v0000023bd39dd640_0;  1 drivers
v0000023bd39de720_0 .net "Decoder_0_out_1", 0 0, v0000023bd39dd280_0;  1 drivers
v0000023bd39dd820_0 .net "Decoder_0_out_2", 0 0, v0000023bd39de4a0_0;  1 drivers
v0000023bd39de860_0 .net "Decoder_0_out_3", 0 0, v0000023bd39de220_0;  1 drivers
v0000023bd39deae0_0 .net "Decoder_0_out_4", 0 0, v0000023bd39de040_0;  1 drivers
v0000023bd39de900_0 .net "Decoder_0_out_5", 0 0, v0000023bd39dd5a0_0;  1 drivers
v0000023bd39decc0_0 .net "Dice_1", 0 0, v0000023bd3a37b10_0;  alias, 1 drivers
v0000023bd39dd000_0 .net "Dice_2", 0 0, v0000023bd3a372f0_0;  alias, 1 drivers
v0000023bd39ddc80_0 .net "Dice_3", 0 0, v0000023bd3a390f0_0;  alias, 1 drivers
v0000023bd39dd1e0_0 .net "Dice_4", 0 0, v0000023bd3a3c3a0_0;  alias, 1 drivers
v0000023bd3a30b60_0 .net "Dice_5", 0 0, v0000023bd3a3c800_0;  alias, 1 drivers
v0000023bd3a30200_0 .net "Dice_6", 0 0, v0000023bd3a3d200_0;  alias, 1 drivers
v0000023bd3a303e0_0 .net "Splitter_0_cmb", 2 0, L_0000023bd3a48d30;  1 drivers
v0000023bd3a302a0_0 .net *"_ivl_0", 0 0, L_0000023bd3a48330;  1 drivers
v0000023bd3a2fb20_0 .net *"_ivl_22", 0 0, L_0000023bd3a48dd0;  1 drivers
v0000023bd3a2f1c0_0 .net *"_ivl_26", 0 0, L_0000023bd3a48f10;  1 drivers
v0000023bd3a2fbc0_0 .net *"_ivl_4", 0 0, L_0000023bd3a47bb0;  1 drivers
L_0000023bd3a49608 .functor BUFT 1, C4<0>, C4<0>, C4<0>, C4<0>;
v0000023bd3a300c0_0 .net "const_0", 0 0, L_0000023bd3a49608;  1 drivers
L_0000023bd3a48330 .arith/sum 1, v0000023bd3a3c3a0_0, v0000023bd3a3c800_0;
L_0000023bd3a483d0 .arith/sum 1, L_0000023bd3a48330, v0000023bd3a3d200_0;
L_0000023bd3a47bb0 .arith/sum 1, L_0000023bd3a46350, L_0000023bd3a483d0;
L_0000023bd3a48470 .arith/sum 1, L_0000023bd3a47bb0, L_0000023bd3a49608;
L_0000023bd3a48d30 .concat [ 1 1 1 0], L_0000023bd3a48470, L_0000023bd3a48e70, o0000023bd39e1078;
L_0000023bd3a48dd0 .arith/sum 1, o0000023bd39e0f58, o0000023bd39e0fb8;
L_0000023bd3a48e70 .arith/sum 1, L_0000023bd3a48dd0, o0000023bd39e1018;
L_0000023bd3a48f10 .arith/sum 1, v0000023bd3a37b10_0, v0000023bd3a372f0_0;
L_0000023bd3a46350 .arith/sum 1, L_0000023bd3a48f10, v0000023bd3a390f0_0;
S_0000023bd3925df0 .scope module, "Decoder_0" "Decoder8" 2 43, 2 138 0, S_0000023bd392b9c0;
 .timescale 0 0;
    .port_info 0 /OUTPUT 1 "out0";
    .port_info 1 /OUTPUT 1 "out1";
    .port_info 2 /OUTPUT 1 "out2";
    .port_info 3 /OUTPUT 1 "out3";
    .port_info 4 /OUTPUT 1 "out4";
    .port_info 5 /OUTPUT 1 "out5";
    .port_info 6 /OUTPUT 1 "out6";
    .port_info 7 /OUTPUT 1 "out7";
    .port_info 8 /INPUT 3 "sel";
v0000023bd39ddbe0_0 .var "out0", 0 0;
v0000023bd39dd640_0 .var "out1", 0 0;
v0000023bd39dd280_0 .var "out2", 0 0;
v0000023bd39de4a0_0 .var "out3", 0 0;
v0000023bd39de220_0 .var "out4", 0 0;
v0000023bd39de040_0 .var "out5", 0 0;
v0000023bd39dd5a0_0 .var "out6", 0 0;
v0000023bd39de5e0_0 .var "out7", 0 0;
v0000023bd39ded60_0 .net "sel", 2 0, L_0000023bd3a48d30;  alias, 1 drivers
E_0000023bd399d1d0 .event anyedge, v0000023bd39ded60_0;
S_0000023bd3925f80 .scope module, "3-Face_Counter" "High_Counter" 2 125, 2 35 0, S_0000023bd392f590;
 .timescale 0 0;
    .port_info 0 /OUTPUT 1 "1_High";
    .port_info 1 /OUTPUT 1 "2_High";
    .port_info 2 /OUTPUT 1 "3_High";
    .port_info 3 /OUTPUT 1 "4_High";
    .port_info 4 /OUTPUT 1 "5_High";
    .port_info 5 /OUTPUT 1 "6_High";
    .port_info 6 /INPUT 1 "Dice_1";
    .port_info 7 /INPUT 1 "Dice_2";
    .port_info 8 /INPUT 1 "Dice_3";
    .port_info 9 /INPUT 1 "Dice_4";
    .port_info 10 /INPUT 1 "Dice_5";
    .port_info 11 /INPUT 1 "Dice_6";
L_0000023bd3a97360 .functor BUFZ 1, v0000023bd3a30e80_0, C4<0>, C4<0>, C4<0>;
L_0000023bd3a966b0 .functor BUFZ 1, v0000023bd3a2f4e0_0, C4<0>, C4<0>, C4<0>;
L_0000023bd3a973d0 .functor BUFZ 1, v0000023bd3a2f940_0, C4<0>, C4<0>, C4<0>;
L_0000023bd3a97440 .functor BUFZ 1, v0000023bd3a2f440_0, C4<0>, C4<0>, C4<0>;
L_0000023bd3a96640 .functor BUFZ 1, v0000023bd3a2fa80_0, C4<0>, C4<0>, C4<0>;
L_0000023bd3a96f70 .functor BUFZ 1, v0000023bd3a30ac0_0, C4<0>, C4<0>, C4<0>;
v0000023bd3a2f6c0_0 .net "1_High", 0 0, L_0000023bd3a96f70;  alias, 1 drivers
v0000023bd3a30f20_0 .net "2_High", 0 0, L_0000023bd3a96640;  alias, 1 drivers
v0000023bd3a30ca0_0 .net "3_High", 0 0, L_0000023bd3a97440;  alias, 1 drivers
v0000023bd3a30520_0 .net "4_High", 0 0, L_0000023bd3a973d0;  alias, 1 drivers
v0000023bd3a2f120_0 .net "5_High", 0 0, L_0000023bd3a966b0;  alias, 1 drivers
v0000023bd3a30d40_0 .net "6_High", 0 0, L_0000023bd3a97360;  alias, 1 drivers
o0000023bd39e19a8 .functor BUFZ 1, C4<z>; HiZ drive
v0000023bd3a2f080_0 .net "Adder_0_Cout", 0 0, o0000023bd39e19a8;  0 drivers
v0000023bd3a2fc60_0 .net "Adder_0_Sum", 0 0, L_0000023bd3a48150;  1 drivers
o0000023bd39e1a08 .functor BUFZ 1, C4<z>; HiZ drive
v0000023bd3a30de0_0 .net "Adder_1_Cout", 0 0, o0000023bd39e1a08;  0 drivers
v0000023bd3a30980_0 .net "Adder_1_Sum", 0 0, L_0000023bd3a48c90;  1 drivers
o0000023bd39e1a68 .functor BUFZ 1, C4<z>; HiZ drive
v0000023bd3a30480_0 .net "Adder_2_Cout", 0 0, o0000023bd39e1a68;  0 drivers
v0000023bd3a2f800_0 .net "Adder_2_Sum", 0 0, L_0000023bd3a47cf0;  1 drivers
o0000023bd39e1ac8 .functor BUFZ 1, C4<z>; HiZ drive
v0000023bd3a2f260_0 .net "Adder_3_Cout", 0 0, o0000023bd39e1ac8;  0 drivers
v0000023bd3a305c0_0 .net "Adder_3_Sum", 0 0, L_0000023bd3a486f0;  1 drivers
v0000023bd3a2fda0_0 .net "Decoder_0_out_0", 0 0, v0000023bd3a30ac0_0;  1 drivers
v0000023bd3a2f620_0 .net "Decoder_0_out_1", 0 0, v0000023bd3a2fa80_0;  1 drivers
v0000023bd3a30160_0 .net "Decoder_0_out_2", 0 0, v0000023bd3a2f440_0;  1 drivers
v0000023bd3a30660_0 .net "Decoder_0_out_3", 0 0, v0000023bd3a2f940_0;  1 drivers
v0000023bd3a30340_0 .net "Decoder_0_out_4", 0 0, v0000023bd3a2f4e0_0;  1 drivers
v0000023bd3a30020_0 .net "Decoder_0_out_5", 0 0, v0000023bd3a30e80_0;  1 drivers
v0000023bd3a2fd00_0 .net "Dice_1", 0 0, v0000023bd3a38d30_0;  alias, 1 drivers
v0000023bd3a30700_0 .net "Dice_2", 0 0, v0000023bd3a37250_0;  alias, 1 drivers
v0000023bd3a30840_0 .net "Dice_3", 0 0, v0000023bd3a3bf40_0;  alias, 1 drivers
v0000023bd3a2f300_0 .net "Dice_4", 0 0, v0000023bd3a3c440_0;  alias, 1 drivers
v0000023bd3a2f760_0 .net "Dice_5", 0 0, v0000023bd3a3c8a0_0;  alias, 1 drivers
v0000023bd3a2f3a0_0 .net "Dice_6", 0 0, v0000023bd3a3d020_0;  alias, 1 drivers
v0000023bd3a2f8a0_0 .net "Splitter_0_cmb", 2 0, L_0000023bd3a48010;  1 drivers
v0000023bd3a2f9e0_0 .net *"_ivl_0", 0 0, L_0000023bd3a48ab0;  1 drivers
v0000023bd3a2fe40_0 .net *"_ivl_22", 0 0, L_0000023bd3a480b0;  1 drivers
v0000023bd3a2fee0_0 .net *"_ivl_26", 0 0, L_0000023bd3a47b10;  1 drivers
v0000023bd3a308e0_0 .net *"_ivl_4", 0 0, L_0000023bd3a48bf0;  1 drivers
L_0000023bd3a495c0 .functor BUFT 1, C4<0>, C4<0>, C4<0>, C4<0>;
v0000023bd3a2ff80_0 .net "const_0", 0 0, L_0000023bd3a495c0;  1 drivers
L_0000023bd3a48ab0 .arith/sum 1, v0000023bd3a3c440_0, v0000023bd3a3c8a0_0;
L_0000023bd3a48c90 .arith/sum 1, L_0000023bd3a48ab0, v0000023bd3a3d020_0;
L_0000023bd3a48bf0 .arith/sum 1, L_0000023bd3a48150, L_0000023bd3a48c90;
L_0000023bd3a47cf0 .arith/sum 1, L_0000023bd3a48bf0, L_0000023bd3a495c0;
L_0000023bd3a48010 .concat [ 1 1 1 0], L_0000023bd3a47cf0, L_0000023bd3a486f0, o0000023bd39e1ac8;
L_0000023bd3a480b0 .arith/sum 1, o0000023bd39e19a8, o0000023bd39e1a08;
L_0000023bd3a486f0 .arith/sum 1, L_0000023bd3a480b0, o0000023bd39e1a68;
L_0000023bd3a47b10 .arith/sum 1, v0000023bd3a38d30_0, v0000023bd3a37250_0;
L_0000023bd3a48150 .arith/sum 1, L_0000023bd3a47b10, v0000023bd3a3bf40_0;
S_0000023bd394c680 .scope module, "Decoder_0" "Decoder8" 2 43, 2 138 0, S_0000023bd3925f80;
 .timescale 0 0;
    .port_info 0 /OUTPUT 1 "out0";
    .port_info 1 /OUTPUT 1 "out1";
    .port_info 2 /OUTPUT 1 "out2";
    .port_info 3 /OUTPUT 1 "out3";
    .port_info 4 /OUTPUT 1 "out4";
    .port_info 5 /OUTPUT 1 "out5";
    .port_info 6 /OUTPUT 1 "out6";
    .port_info 7 /OUTPUT 1 "out7";
    .port_info 8 /INPUT 3 "sel";
v0000023bd3a30c00_0 .var "out0", 0 0;
v0000023bd3a30ac0_0 .var "out1", 0 0;
v0000023bd3a2fa80_0 .var "out2", 0 0;
v0000023bd3a2f440_0 .var "out3", 0 0;
v0000023bd3a2f940_0 .var "out4", 0 0;
v0000023bd3a2f4e0_0 .var "out5", 0 0;
v0000023bd3a30e80_0 .var "out6", 0 0;
v0000023bd3a2f580_0 .var "out7", 0 0;
v0000023bd3a307a0_0 .net "sel", 2 0, L_0000023bd3a48010;  alias, 1 drivers
E_0000023bd399da50 .event anyedge, v0000023bd3a307a0_0;
S_0000023bd394c810 .scope module, "4-Face_Counter" "High_Counter" 2 119, 2 35 0, S_0000023bd392f590;
 .timescale 0 0;
    .port_info 0 /OUTPUT 1 "1_High";
    .port_info 1 /OUTPUT 1 "2_High";
    .port_info 2 /OUTPUT 1 "3_High";
    .port_info 3 /OUTPUT 1 "4_High";
    .port_info 4 /OUTPUT 1 "5_High";
    .port_info 5 /OUTPUT 1 "6_High";
    .port_info 6 /INPUT 1 "Dice_1";
    .port_info 7 /INPUT 1 "Dice_2";
    .port_info 8 /INPUT 1 "Dice_3";
    .port_info 9 /INPUT 1 "Dice_4";
    .port_info 10 /INPUT 1 "Dice_5";
    .port_info 11 /INPUT 1 "Dice_6";
L_0000023bd3a955c0 .functor BUFZ 1, v0000023bd3a32350_0, C4<0>, C4<0>, C4<0>;
L_0000023bd3a972f0 .functor BUFZ 1, v0000023bd3a32d50_0, C4<0>, C4<0>, C4<0>;
L_0000023bd3a96790 .functor BUFZ 1, v0000023bd3a32a30_0, C4<0>, C4<0>, C4<0>;
L_0000023bd3a971a0 .functor BUFZ 1, v0000023bd3a31310_0, C4<0>, C4<0>, C4<0>;
L_0000023bd3a965d0 .functor BUFZ 1, v0000023bd3a31590_0, C4<0>, C4<0>, C4<0>;
L_0000023bd3a96cd0 .functor BUFZ 1, v0000023bd3a32e90_0, C4<0>, C4<0>, C4<0>;
v0000023bd3a323f0_0 .net "1_High", 0 0, L_0000023bd3a96cd0;  alias, 1 drivers
v0000023bd3a31130_0 .net "2_High", 0 0, L_0000023bd3a965d0;  alias, 1 drivers
v0000023bd3a32990_0 .net "3_High", 0 0, L_0000023bd3a971a0;  alias, 1 drivers
v0000023bd3a31ef0_0 .net "4_High", 0 0, L_0000023bd3a96790;  alias, 1 drivers
v0000023bd3a32c10_0 .net "5_High", 0 0, L_0000023bd3a972f0;  alias, 1 drivers
v0000023bd3a31770_0 .net "6_High", 0 0, L_0000023bd3a955c0;  alias, 1 drivers
o0000023bd39e23f8 .functor BUFZ 1, C4<z>; HiZ drive
v0000023bd3a311d0_0 .net "Adder_0_Cout", 0 0, o0000023bd39e23f8;  0 drivers
v0000023bd3a32490_0 .net "Adder_0_Sum", 0 0, L_0000023bd3a47a70;  1 drivers
o0000023bd39e2458 .functor BUFZ 1, C4<z>; HiZ drive
v0000023bd3a31d10_0 .net "Adder_1_Cout", 0 0, o0000023bd39e2458;  0 drivers
v0000023bd3a32ad0_0 .net "Adder_1_Sum", 0 0, L_0000023bd3a47c50;  1 drivers
o0000023bd39e24b8 .functor BUFZ 1, C4<z>; HiZ drive
v0000023bd3a32b70_0 .net "Adder_2_Cout", 0 0, o0000023bd39e24b8;  0 drivers
v0000023bd3a32530_0 .net "Adder_2_Sum", 0 0, L_0000023bd3a488d0;  1 drivers
o0000023bd39e2518 .functor BUFZ 1, C4<z>; HiZ drive
v0000023bd3a32170_0 .net "Adder_3_Cout", 0 0, o0000023bd39e2518;  0 drivers
v0000023bd3a313b0_0 .net "Adder_3_Sum", 0 0, L_0000023bd3a47ed0;  1 drivers
v0000023bd3a322b0_0 .net "Decoder_0_out_0", 0 0, v0000023bd3a32e90_0;  1 drivers
v0000023bd3a31e50_0 .net "Decoder_0_out_1", 0 0, v0000023bd3a31590_0;  1 drivers
v0000023bd3a31450_0 .net "Decoder_0_out_2", 0 0, v0000023bd3a31310_0;  1 drivers
v0000023bd3a32f30_0 .net "Decoder_0_out_3", 0 0, v0000023bd3a32a30_0;  1 drivers
v0000023bd3a32cb0_0 .net "Decoder_0_out_4", 0 0, v0000023bd3a32d50_0;  1 drivers
v0000023bd3a32030_0 .net "Decoder_0_out_5", 0 0, v0000023bd3a32350_0;  1 drivers
v0000023bd3a31630_0 .net "Dice_1", 0 0, v0000023bd3a37cf0_0;  alias, 1 drivers
v0000023bd3a31db0_0 .net "Dice_2", 0 0, v0000023bd3a38f10_0;  alias, 1 drivers
v0000023bd3a31a90_0 .net "Dice_3", 0 0, v0000023bd3a3c6c0_0;  alias, 1 drivers
v0000023bd3a316d0_0 .net "Dice_4", 0 0, v0000023bd3a3b900_0;  alias, 1 drivers
v0000023bd3a327b0_0 .net "Dice_5", 0 0, v0000023bd3a3be00_0;  alias, 1 drivers
v0000023bd3a31810_0 .net "Dice_6", 0 0, v0000023bd3a3ca80_0;  alias, 1 drivers
v0000023bd3a31bd0_0 .net "Splitter_0_cmb", 2 0, L_0000023bd3a479d0;  1 drivers
v0000023bd3a32850_0 .net *"_ivl_0", 0 0, L_0000023bd3a48a10;  1 drivers
v0000023bd3a32710_0 .net *"_ivl_22", 0 0, L_0000023bd3a48970;  1 drivers
v0000023bd3a31270_0 .net *"_ivl_26", 0 0, L_0000023bd3a48290;  1 drivers
v0000023bd3a318b0_0 .net *"_ivl_4", 0 0, L_0000023bd3a48790;  1 drivers
L_0000023bd3a49578 .functor BUFT 1, C4<0>, C4<0>, C4<0>, C4<0>;
v0000023bd3a31f90_0 .net "const_0", 0 0, L_0000023bd3a49578;  1 drivers
L_0000023bd3a48a10 .arith/sum 1, v0000023bd3a3b900_0, v0000023bd3a3be00_0;
L_0000023bd3a47c50 .arith/sum 1, L_0000023bd3a48a10, v0000023bd3a3ca80_0;
L_0000023bd3a48790 .arith/sum 1, L_0000023bd3a47a70, L_0000023bd3a47c50;
L_0000023bd3a488d0 .arith/sum 1, L_0000023bd3a48790, L_0000023bd3a49578;
L_0000023bd3a479d0 .concat [ 1 1 1 0], L_0000023bd3a488d0, L_0000023bd3a47ed0, o0000023bd39e2518;
L_0000023bd3a48970 .arith/sum 1, o0000023bd39e23f8, o0000023bd39e2458;
L_0000023bd3a47ed0 .arith/sum 1, L_0000023bd3a48970, o0000023bd39e24b8;
L_0000023bd3a48290 .arith/sum 1, v0000023bd3a37cf0_0, v0000023bd3a38f10_0;
L_0000023bd3a47a70 .arith/sum 1, L_0000023bd3a48290, v0000023bd3a3c6c0_0;
S_0000023bd38f2900 .scope module, "Decoder_0" "Decoder8" 2 43, 2 138 0, S_0000023bd394c810;
 .timescale 0 0;
    .port_info 0 /OUTPUT 1 "out0";
    .port_info 1 /OUTPUT 1 "out1";
    .port_info 2 /OUTPUT 1 "out2";
    .port_info 3 /OUTPUT 1 "out3";
    .port_info 4 /OUTPUT 1 "out4";
    .port_info 5 /OUTPUT 1 "out5";
    .port_info 6 /OUTPUT 1 "out6";
    .port_info 7 /OUTPUT 1 "out7";
    .port_info 8 /INPUT 3 "sel";
v0000023bd3a32670_0 .var "out0", 0 0;
v0000023bd3a32e90_0 .var "out1", 0 0;
v0000023bd3a31590_0 .var "out2", 0 0;
v0000023bd3a31310_0 .var "out3", 0 0;
v0000023bd3a32a30_0 .var "out4", 0 0;
v0000023bd3a32d50_0 .var "out5", 0 0;
v0000023bd3a32350_0 .var "out6", 0 0;
v0000023bd3a31090_0 .var "out7", 0 0;
v0000023bd3a32210_0 .net "sel", 2 0, L_0000023bd3a479d0;  alias, 1 drivers
E_0000023bd399d310 .event anyedge, v0000023bd3a32210_0;
S_0000023bd38f2a90 .scope module, "5-Face_Counter" "High_Counter" 2 117, 2 35 0, S_0000023bd392f590;
 .timescale 0 0;
    .port_info 0 /OUTPUT 1 "1_High";
    .port_info 1 /OUTPUT 1 "2_High";
    .port_info 2 /OUTPUT 1 "3_High";
    .port_info 3 /OUTPUT 1 "4_High";
    .port_info 4 /OUTPUT 1 "5_High";
    .port_info 5 /OUTPUT 1 "6_High";
    .port_info 6 /INPUT 1 "Dice_1";
    .port_info 7 /INPUT 1 "Dice_2";
    .port_info 8 /INPUT 1 "Dice_3";
    .port_info 9 /INPUT 1 "Dice_4";
    .port_info 10 /INPUT 1 "Dice_5";
    .port_info 11 /INPUT 1 "Dice_6";
L_0000023bd3a95be0 .functor BUFZ 1, v0000023bd3a328f0_0, C4<0>, C4<0>, C4<0>;
L_0000023bd3a95cc0 .functor BUFZ 1, v0000023bd3a32df0_0, C4<0>, C4<0>, C4<0>;
L_0000023bd3a96350 .functor BUFZ 1, v0000023bd3a31c70_0, C4<0>, C4<0>, C4<0>;
L_0000023bd3a95a20 .functor BUFZ 1, v0000023bd3a325d0_0, C4<0>, C4<0>, C4<0>;
L_0000023bd3a95e80 .functor BUFZ 1, v0000023bd3a319f0_0, C4<0>, C4<0>, C4<0>;
L_0000023bd3a95fd0 .functor BUFZ 1, v0000023bd3a31950_0, C4<0>, C4<0>, C4<0>;
v0000023bd3a35510_0 .net "1_High", 0 0, L_0000023bd3a95fd0;  alias, 1 drivers
v0000023bd3a35e70_0 .net "2_High", 0 0, L_0000023bd3a95e80;  alias, 1 drivers
v0000023bd3a364b0_0 .net "3_High", 0 0, L_0000023bd3a95a20;  alias, 1 drivers
v0000023bd3a35a10_0 .net "4_High", 0 0, L_0000023bd3a96350;  alias, 1 drivers
v0000023bd3a36370_0 .net "5_High", 0 0, L_0000023bd3a95cc0;  alias, 1 drivers
v0000023bd3a35970_0 .net "6_High", 0 0, L_0000023bd3a95be0;  alias, 1 drivers
o0000023bd39e2e48 .functor BUFZ 1, C4<z>; HiZ drive
v0000023bd3a36550_0 .net "Adder_0_Cout", 0 0, o0000023bd39e2e48;  0 drivers
v0000023bd3a36af0_0 .net "Adder_0_Sum", 0 0, L_0000023bd3a48b50;  1 drivers
o0000023bd39e2ea8 .functor BUFZ 1, C4<z>; HiZ drive
v0000023bd3a367d0_0 .net "Adder_1_Cout", 0 0, o0000023bd39e2ea8;  0 drivers
v0000023bd3a35dd0_0 .net "Adder_1_Sum", 0 0, L_0000023bd3a47e30;  1 drivers
o0000023bd39e2f08 .functor BUFZ 1, C4<z>; HiZ drive
v0000023bd3a356f0_0 .net "Adder_2_Cout", 0 0, o0000023bd39e2f08;  0 drivers
v0000023bd3a35150_0 .net "Adder_2_Sum", 0 0, L_0000023bd3a481f0;  1 drivers
o0000023bd39e2f68 .functor BUFZ 1, C4<z>; HiZ drive
v0000023bd3a365f0_0 .net "Adder_3_Cout", 0 0, o0000023bd39e2f68;  0 drivers
v0000023bd3a36b90_0 .net "Adder_3_Sum", 0 0, L_0000023bd3a47930;  1 drivers
v0000023bd3a36230_0 .net "Decoder_0_out_0", 0 0, v0000023bd3a31950_0;  1 drivers
v0000023bd3a355b0_0 .net "Decoder_0_out_1", 0 0, v0000023bd3a319f0_0;  1 drivers
v0000023bd3a36f50_0 .net "Decoder_0_out_2", 0 0, v0000023bd3a325d0_0;  1 drivers
v0000023bd3a36a50_0 .net "Decoder_0_out_3", 0 0, v0000023bd3a31c70_0;  1 drivers
v0000023bd3a36c30_0 .net "Decoder_0_out_4", 0 0, v0000023bd3a32df0_0;  1 drivers
v0000023bd3a36cd0_0 .net "Decoder_0_out_5", 0 0, v0000023bd3a328f0_0;  1 drivers
v0000023bd3a36690_0 .net "Dice_1", 0 0, v0000023bd3a374d0_0;  alias, 1 drivers
v0000023bd3a36870_0 .net "Dice_2", 0 0, v0000023bd3a37d90_0;  alias, 1 drivers
v0000023bd3a35790_0 .net "Dice_3", 0 0, v0000023bd3a3c9e0_0;  alias, 1 drivers
v0000023bd3a362d0_0 .net "Dice_4", 0 0, v0000023bd3a3d3e0_0;  alias, 1 drivers
v0000023bd3a35330_0 .net "Dice_5", 0 0, v0000023bd3a3bae0_0;  alias, 1 drivers
v0000023bd3a36d70_0 .net "Dice_6", 0 0, v0000023bd3a3bb80_0;  alias, 1 drivers
v0000023bd3a36eb0_0 .net "Splitter_0_cmb", 2 0, L_0000023bd3a48650;  1 drivers
v0000023bd3a351f0_0 .net *"_ivl_0", 0 0, L_0000023bd3a47d90;  1 drivers
v0000023bd3a36e10_0 .net *"_ivl_22", 0 0, L_0000023bd3a48830;  1 drivers
v0000023bd3a360f0_0 .net *"_ivl_26", 0 0, L_0000023bd3a48fb0;  1 drivers
v0000023bd3a350b0_0 .net *"_ivl_4", 0 0, L_0000023bd3a485b0;  1 drivers
L_0000023bd3a49530 .functor BUFT 1, C4<0>, C4<0>, C4<0>, C4<0>;
v0000023bd3a35290_0 .net "const_0", 0 0, L_0000023bd3a49530;  1 drivers
L_0000023bd3a47d90 .arith/sum 1, v0000023bd3a3d3e0_0, v0000023bd3a3bae0_0;
L_0000023bd3a47e30 .arith/sum 1, L_0000023bd3a47d90, v0000023bd3a3bb80_0;
L_0000023bd3a485b0 .arith/sum 1, L_0000023bd3a48b50, L_0000023bd3a47e30;
L_0000023bd3a481f0 .arith/sum 1, L_0000023bd3a485b0, L_0000023bd3a49530;
L_0000023bd3a48650 .concat [ 1 1 1 0], L_0000023bd3a481f0, L_0000023bd3a47930, o0000023bd39e2f68;
L_0000023bd3a48830 .arith/sum 1, o0000023bd39e2e48, o0000023bd39e2ea8;
L_0000023bd3a47930 .arith/sum 1, L_0000023bd3a48830, o0000023bd39e2f08;
L_0000023bd3a48fb0 .arith/sum 1, v0000023bd3a374d0_0, v0000023bd3a37d90_0;
L_0000023bd3a48b50 .arith/sum 1, L_0000023bd3a48fb0, v0000023bd3a3c9e0_0;
S_0000023bd3933c30 .scope module, "Decoder_0" "Decoder8" 2 43, 2 138 0, S_0000023bd38f2a90;
 .timescale 0 0;
    .port_info 0 /OUTPUT 1 "out0";
    .port_info 1 /OUTPUT 1 "out1";
    .port_info 2 /OUTPUT 1 "out2";
    .port_info 3 /OUTPUT 1 "out3";
    .port_info 4 /OUTPUT 1 "out4";
    .port_info 5 /OUTPUT 1 "out5";
    .port_info 6 /OUTPUT 1 "out6";
    .port_info 7 /OUTPUT 1 "out7";
    .port_info 8 /INPUT 3 "sel";
v0000023bd3a31b30_0 .var "out0", 0 0;
v0000023bd3a31950_0 .var "out1", 0 0;
v0000023bd3a319f0_0 .var "out2", 0 0;
v0000023bd3a325d0_0 .var "out3", 0 0;
v0000023bd3a31c70_0 .var "out4", 0 0;
v0000023bd3a32df0_0 .var "out5", 0 0;
v0000023bd3a328f0_0 .var "out6", 0 0;
v0000023bd3a369b0_0 .var "out7", 0 0;
v0000023bd3a35c90_0 .net "sel", 2 0, L_0000023bd3a48650;  alias, 1 drivers
E_0000023bd399d410 .event anyedge, v0000023bd3a35c90_0;
S_0000023bd3933dc0 .scope module, "6-Face_Counter" "High_Counter" 2 106, 2 35 0, S_0000023bd392f590;
 .timescale 0 0;
    .port_info 0 /OUTPUT 1 "1_High";
    .port_info 1 /OUTPUT 1 "2_High";
    .port_info 2 /OUTPUT 1 "3_High";
    .port_info 3 /OUTPUT 1 "4_High";
    .port_info 4 /OUTPUT 1 "5_High";
    .port_info 5 /OUTPUT 1 "6_High";
    .port_info 6 /INPUT 1 "Dice_1";
    .port_info 7 /INPUT 1 "Dice_2";
    .port_info 8 /INPUT 1 "Dice_3";
    .port_info 9 /INPUT 1 "Dice_4";
    .port_info 10 /INPUT 1 "Dice_5";
    .port_info 11 /INPUT 1 "Dice_6";
L_0000023bd39cf3b0 .functor BUFZ 1, v0000023bd3a35d30_0, C4<0>, C4<0>, C4<0>;
L_0000023bd39cfa40 .functor BUFZ 1, v0000023bd3a35f10_0, C4<0>, C4<0>, C4<0>;
L_0000023bd39cf2d0 .functor BUFZ 1, v0000023bd3a36410_0, C4<0>, C4<0>, C4<0>;
L_0000023bd39cf110 .functor BUFZ 1, v0000023bd3a36910_0, C4<0>, C4<0>, C4<0>;
L_0000023bd39cf880 .functor BUFZ 1, v0000023bd3a353d0_0, C4<0>, C4<0>, C4<0>;
L_0000023bd39cf960 .functor BUFZ 1, v0000023bd3a358d0_0, C4<0>, C4<0>, C4<0>;
v0000023bd3a35b50_0 .net "1_High", 0 0, L_0000023bd39cf960;  alias, 1 drivers
v0000023bd3a35bf0_0 .net "2_High", 0 0, L_0000023bd39cf880;  alias, 1 drivers
v0000023bd3a35fb0_0 .net "3_High", 0 0, L_0000023bd39cf110;  alias, 1 drivers
v0000023bd3a36050_0 .net "4_High", 0 0, L_0000023bd39cf2d0;  alias, 1 drivers
v0000023bd3a36190_0 .net "5_High", 0 0, L_0000023bd39cfa40;  alias, 1 drivers
v0000023bd3a36730_0 .net "6_High", 0 0, L_0000023bd39cf3b0;  alias, 1 drivers
o0000023bd39e3898 .functor BUFZ 1, C4<z>; HiZ drive
v0000023bd3a38830_0 .net "Adder_0_Cout", 0 0, o0000023bd39e3898;  0 drivers
v0000023bd3a383d0_0 .net "Adder_0_Sum", 0 0, L_0000023bd3a47f70;  1 drivers
o0000023bd39e38f8 .functor BUFZ 1, C4<z>; HiZ drive
v0000023bd3a379d0_0 .net "Adder_1_Cout", 0 0, o0000023bd39e38f8;  0 drivers
v0000023bd3a37390_0 .net "Adder_1_Sum", 0 0, L_0000023bd3a41dc0;  1 drivers
o0000023bd39e3958 .functor BUFZ 1, C4<z>; HiZ drive
v0000023bd3a37610_0 .net "Adder_2_Cout", 0 0, o0000023bd39e3958;  0 drivers
v0000023bd3a381f0_0 .net "Adder_2_Sum", 0 0, L_0000023bd3a41b40;  1 drivers
o0000023bd39e39b8 .functor BUFZ 1, C4<z>; HiZ drive
v0000023bd3a37430_0 .net "Adder_3_Cout", 0 0, o0000023bd39e39b8;  0 drivers
v0000023bd3a376b0_0 .net "Adder_3_Sum", 0 0, L_0000023bd3a41be0;  1 drivers
v0000023bd3a38ab0_0 .net "Decoder_0_out_0", 0 0, v0000023bd3a358d0_0;  1 drivers
v0000023bd3a38e70_0 .net "Decoder_0_out_1", 0 0, v0000023bd3a353d0_0;  1 drivers
v0000023bd3a38330_0 .net "Decoder_0_out_2", 0 0, v0000023bd3a36910_0;  1 drivers
v0000023bd3a38b50_0 .net "Decoder_0_out_3", 0 0, v0000023bd3a36410_0;  1 drivers
v0000023bd3a37890_0 .net "Decoder_0_out_4", 0 0, v0000023bd3a35f10_0;  1 drivers
v0000023bd3a37c50_0 .net "Decoder_0_out_5", 0 0, v0000023bd3a35d30_0;  1 drivers
v0000023bd3a38010_0 .net "Dice_1", 0 0, v0000023bd3a38dd0_0;  alias, 1 drivers
v0000023bd3a38bf0_0 .net "Dice_2", 0 0, v0000023bd3a37f70_0;  alias, 1 drivers
v0000023bd3a37e30_0 .net "Dice_3", 0 0, v0000023bd3a3c300_0;  alias, 1 drivers
v0000023bd3a388d0_0 .net "Dice_4", 0 0, v0000023bd3a3d160_0;  alias, 1 drivers
v0000023bd3a37750_0 .net "Dice_5", 0 0, v0000023bd3a3cb20_0;  alias, 1 drivers
v0000023bd3a377f0_0 .net "Dice_6", 0 0, v0000023bd3a3cc60_0;  alias, 1 drivers
v0000023bd3a38290_0 .net "Splitter_0_cmb", 2 0, L_0000023bd3a42680;  1 drivers
v0000023bd3a37ed0_0 .net *"_ivl_0", 0 0, L_0000023bd3a41960;  1 drivers
v0000023bd3a37930_0 .net *"_ivl_22", 0 0, L_0000023bd3a41a00;  1 drivers
v0000023bd3a380b0_0 .net *"_ivl_26", 0 0, L_0000023bd3a48510;  1 drivers
v0000023bd3a38650_0 .net *"_ivl_4", 0 0, L_0000023bd3a41e60;  1 drivers
L_0000023bd3a494e8 .functor BUFT 1, C4<0>, C4<0>, C4<0>, C4<0>;
v0000023bd3a37bb0_0 .net "const_0", 0 0, L_0000023bd3a494e8;  1 drivers
L_0000023bd3a41960 .arith/sum 1, v0000023bd3a3d160_0, v0000023bd3a3cb20_0;
L_0000023bd3a41dc0 .arith/sum 1, L_0000023bd3a41960, v0000023bd3a3cc60_0;
L_0000023bd3a41e60 .arith/sum 1, L_0000023bd3a47f70, L_0000023bd3a41dc0;
L_0000023bd3a41b40 .arith/sum 1, L_0000023bd3a41e60, L_0000023bd3a494e8;
L_0000023bd3a42680 .concat [ 1 1 1 0], L_0000023bd3a41b40, L_0000023bd3a41be0, o0000023bd39e39b8;
L_0000023bd3a41a00 .arith/sum 1, o0000023bd39e3898, o0000023bd39e38f8;
L_0000023bd3a41be0 .arith/sum 1, L_0000023bd3a41a00, o0000023bd39e3958;
L_0000023bd3a48510 .arith/sum 1, v0000023bd3a38dd0_0, v0000023bd3a37f70_0;
L_0000023bd3a47f70 .arith/sum 1, L_0000023bd3a48510, v0000023bd3a3c300_0;
S_0000023bd3a37070 .scope module, "Decoder_0" "Decoder8" 2 43, 2 138 0, S_0000023bd3933dc0;
 .timescale 0 0;
    .port_info 0 /OUTPUT 1 "out0";
    .port_info 1 /OUTPUT 1 "out1";
    .port_info 2 /OUTPUT 1 "out2";
    .port_info 3 /OUTPUT 1 "out3";
    .port_info 4 /OUTPUT 1 "out4";
    .port_info 5 /OUTPUT 1 "out5";
    .port_info 6 /OUTPUT 1 "out6";
    .port_info 7 /OUTPUT 1 "out7";
    .port_info 8 /INPUT 3 "sel";
v0000023bd3a35830_0 .var "out0", 0 0;
v0000023bd3a358d0_0 .var "out1", 0 0;
v0000023bd3a353d0_0 .var "out2", 0 0;
v0000023bd3a36910_0 .var "out3", 0 0;
v0000023bd3a36410_0 .var "out4", 0 0;
v0000023bd3a35f10_0 .var "out5", 0 0;
v0000023bd3a35d30_0 .var "out6", 0 0;
v0000023bd3a35ab0_0 .var "out7", 0 0;
v0000023bd3a35470_0 .net "sel", 2 0, L_0000023bd3a42680;  alias, 1 drivers
E_0000023bd399d450 .event anyedge, v0000023bd3a35470_0;
S_0000023bd3a3b220 .scope module, "DEC_1" "Decoder8" 2 135, 2 138 0, S_0000023bd392f590;
 .timescale 0 0;
    .port_info 0 /OUTPUT 1 "out0";
    .port_info 1 /OUTPUT 1 "out1";
    .port_info 2 /OUTPUT 1 "out2";
    .port_info 3 /OUTPUT 1 "out3";
    .port_info 4 /OUTPUT 1 "out4";
    .port_info 5 /OUTPUT 1 "out5";
    .port_info 6 /OUTPUT 1 "out6";
    .port_info 7 /OUTPUT 1 "out7";
    .port_info 8 /INPUT 3 "sel";
v0000023bd3a38150_0 .var "out0", 0 0;
v0000023bd3a38470_0 .var "out1", 0 0;
v0000023bd3a37b10_0 .var "out2", 0 0;
v0000023bd3a38d30_0 .var "out3", 0 0;
v0000023bd3a37cf0_0 .var "out4", 0 0;
v0000023bd3a374d0_0 .var "out5", 0 0;
v0000023bd3a38dd0_0 .var "out6", 0 0;
v0000023bd3a38510_0 .var "out7", 0 0;
v0000023bd3a385b0_0 .net "sel", 2 0, o0000023bd39e3ec8;  alias, 0 drivers
E_0000023bd399d610 .event anyedge, v0000023bd3a385b0_0;
S_0000023bd3a3b3b0 .scope module, "DEC_2" "Decoder8" 2 134, 2 138 0, S_0000023bd392f590;
 .timescale 0 0;
    .port_info 0 /OUTPUT 1 "out0";
    .port_info 1 /OUTPUT 1 "out1";
    .port_info 2 /OUTPUT 1 "out2";
    .port_info 3 /OUTPUT 1 "out3";
    .port_info 4 /OUTPUT 1 "out4";
    .port_info 5 /OUTPUT 1 "out5";
    .port_info 6 /OUTPUT 1 "out6";
    .port_info 7 /OUTPUT 1 "out7";
    .port_info 8 /INPUT 3 "sel";
v0000023bd3a38c90_0 .var "out0", 0 0;
v0000023bd3a386f0_0 .var "out1", 0 0;
v0000023bd3a372f0_0 .var "out2", 0 0;
v0000023bd3a37250_0 .var "out3", 0 0;
v0000023bd3a38f10_0 .var "out4", 0 0;
v0000023bd3a37d90_0 .var "out5", 0 0;
v0000023bd3a37f70_0 .var "out6", 0 0;
v0000023bd3a38790_0 .var "out7", 0 0;
v0000023bd3a37570_0 .net "sel", 2 0, o0000023bd39e4108;  alias, 0 drivers
E_0000023bd399d850 .event anyedge, v0000023bd3a37570_0;
S_0000023bd3a3b540 .scope module, "DEC_3" "Decoder8" 2 133, 2 138 0, S_0000023bd392f590;
 .timescale 0 0;
    .port_info 0 /OUTPUT 1 "out0";
    .port_info 1 /OUTPUT 1 "out1";
    .port_info 2 /OUTPUT 1 "out2";
    .port_info 3 /OUTPUT 1 "out3";
    .port_info 4 /OUTPUT 1 "out4";
    .port_info 5 /OUTPUT 1 "out5";
    .port_info 6 /OUTPUT 1 "out6";
    .port_info 7 /OUTPUT 1 "out7";
    .port_info 8 /INPUT 3 "sel";
v0000023bd3a38fb0_0 .var "out0", 0 0;
v0000023bd3a39050_0 .var "out1", 0 0;
v0000023bd3a390f0_0 .var "out2", 0 0;
v0000023bd3a3bf40_0 .var "out3", 0 0;
v0000023bd3a3c6c0_0 .var "out4", 0 0;
v0000023bd3a3c9e0_0 .var "out5", 0 0;
v0000023bd3a3c300_0 .var "out6", 0 0;
v0000023bd3a3c760_0 .var "out7", 0 0;
v0000023bd3a3cee0_0 .net "sel", 2 0, o0000023bd39e4348;  alias, 0 drivers
E_0000023bd399db90 .event anyedge, v0000023bd3a3cee0_0;
S_0000023bd3a3d6e0 .scope module, "DEC_4" "Decoder8" 2 132, 2 138 0, S_0000023bd392f590;
 .timescale 0 0;
    .port_info 0 /OUTPUT 1 "out0";
    .port_info 1 /OUTPUT 1 "out1";
    .port_info 2 /OUTPUT 1 "out2";
    .port_info 3 /OUTPUT 1 "out3";
    .port_info 4 /OUTPUT 1 "out4";
    .port_info 5 /OUTPUT 1 "out5";
    .port_info 6 /OUTPUT 1 "out6";
    .port_info 7 /OUTPUT 1 "out7";
    .port_info 8 /INPUT 3 "sel";
v0000023bd3a3ce40_0 .var "out0", 0 0;
v0000023bd3a3c620_0 .var "out1", 0 0;
v0000023bd3a3c3a0_0 .var "out2", 0 0;
v0000023bd3a3c440_0 .var "out3", 0 0;
v0000023bd3a3b900_0 .var "out4", 0 0;
v0000023bd3a3d3e0_0 .var "out5", 0 0;
v0000023bd3a3d160_0 .var "out6", 0 0;
v0000023bd3a3c4e0_0 .var "out7", 0 0;
v0000023bd3a3ba40_0 .net "sel", 2 0, o0000023bd39e4588;  alias, 0 drivers
E_0000023bd399dbd0 .event anyedge, v0000023bd3a3ba40_0;
S_0000023bd3a3e540 .scope module, "DEC_5" "Decoder8" 2 131, 2 138 0, S_0000023bd392f590;
 .timescale 0 0;
    .port_info 0 /OUTPUT 1 "out0";
    .port_info 1 /OUTPUT 1 "out1";
    .port_info 2 /OUTPUT 1 "out2";
    .port_info 3 /OUTPUT 1 "out3";
    .port_info 4 /OUTPUT 1 "out4";
    .port_info 5 /OUTPUT 1 "out5";
    .port_info 6 /OUTPUT 1 "out6";
    .port_info 7 /OUTPUT 1 "out7";
    .port_info 8 /INPUT 3 "sel";
v0000023bd3a3cd00_0 .var "out0", 0 0;
v0000023bd3a3c940_0 .var "out1", 0 0;
v0000023bd3a3c800_0 .var "out2", 0 0;
v0000023bd3a3c8a0_0 .var "out3", 0 0;
v0000023bd3a3be00_0 .var "out4", 0 0;
v0000023bd3a3bae0_0 .var "out5", 0 0;
v0000023bd3a3cb20_0 .var "out6", 0 0;
v0000023bd3a3c580_0 .var "out7", 0 0;
v0000023bd3a3d520_0 .net "sel", 2 0, o0000023bd39e47c8;  alias, 0 drivers
E_0000023bd399dd50 .event anyedge, v0000023bd3a3d520_0;
S_0000023bd3a3e6d0 .scope module, "DEC_6" "Decoder8" 2 105, 2 138 0, S_0000023bd392f590;
 .timescale 0 0;
    .port_info 0 /OUTPUT 1 "out0";
    .port_info 1 /OUTPUT 1 "out1";
    .port_info 2 /OUTPUT 1 "out2";
    .port_info 3 /OUTPUT 1 "out3";
    .port_info 4 /OUTPUT 1 "out4";
    .port_info 5 /OUTPUT 1 "out5";
    .port_info 6 /OUTPUT 1 "out6";
    .port_info 7 /OUTPUT 1 "out7";
    .port_info 8 /INPUT 3 "sel";
v0000023bd3a3c1c0_0 .var "out0", 0 0;
v0000023bd3a3bd60_0 .var "out1", 0 0;
v0000023bd3a3d200_0 .var "out2", 0 0;
v0000023bd3a3d020_0 .var "out3", 0 0;
v0000023bd3a3ca80_0 .var "out4", 0 0;
v0000023bd3a3bb80_0 .var "out5", 0 0;
v0000023bd3a3cc60_0 .var "out6", 0 0;
v0000023bd3a3bea0_0 .var "out7", 0 0;
v0000023bd3a3b720_0 .net "sel", 2 0, o0000023bd39e4a08;  alias, 0 drivers
E_0000023bd399de90 .event anyedge, v0000023bd3a3b720_0;
S_0000023bd3a3dd70 .scope module, "P1_Condition_6" "P1_Condition" 2 108, 2 55 0, S_0000023bd392f590;
 .timescale 0 0;
    .port_info 0 /OUTPUT 1 "Win";
    .port_info 1 /INPUT 1 "4_Four-Face";
    .port_info 2 /INPUT 1 "5_One-Face";
    .port_info 3 /INPUT 1 "5_Two-Face";
    .port_info 4 /INPUT 1 "5_Three-Face";
    .port_info 5 /INPUT 1 "5_Five-Face";
    .port_info 6 /INPUT 1 "5_Six-Face";
L_0000023bd39cfb90 .functor OR 1, L_0000023bd3a96790, L_0000023bd3a96aa0, C4<0>, C4<0>;
L_0000023bd39cf1f0 .functor OR 1, L_0000023bd39cfb90, L_0000023bd3a97130, C4<0>, C4<0>;
L_0000023bd39cf420 .functor OR 1, L_0000023bd39cf1f0, L_0000023bd3a96e20, C4<0>, C4<0>;
L_0000023bd39cee70 .functor OR 1, L_0000023bd39cf420, L_0000023bd3a963c0, C4<0>, C4<0>;
L_0000023bd39cf490 .functor OR 1, L_0000023bd39cee70, L_0000023bd39cef50, C4<0>, C4<0>;
L_0000023bd39cefc0 .functor BUFZ 1, L_0000023bd39cf490, C4<0>, C4<0>, C4<0>;
v0000023bd3a3bcc0_0 .net "4_Four-Face", 0 0, L_0000023bd3a96790;  alias, 1 drivers
v0000023bd3a3d2a0_0 .net "5_Five-Face", 0 0, L_0000023bd3a963c0;  alias, 1 drivers
v0000023bd3a3d480_0 .net "5_One-Face", 0 0, L_0000023bd3a96aa0;  alias, 1 drivers
v0000023bd3a3cbc0_0 .net "5_Six-Face", 0 0, L_0000023bd39cef50;  alias, 1 drivers
v0000023bd3a3cda0_0 .net "5_Three-Face", 0 0, L_0000023bd3a96e20;  alias, 1 drivers
v0000023bd3a3bc20_0 .net "5_Two-Face", 0 0, L_0000023bd3a97130;  alias, 1 drivers
v0000023bd3a3cf80_0 .net "Win", 0 0, L_0000023bd39cefc0;  alias, 1 drivers
v0000023bd3a3d5c0_0 .net *"_ivl_0", 0 0, L_0000023bd39cfb90;  1 drivers
v0000023bd3a3b7c0_0 .net *"_ivl_2", 0 0, L_0000023bd39cf1f0;  1 drivers
v0000023bd3a3bfe0_0 .net *"_ivl_4", 0 0, L_0000023bd39cf420;  1 drivers
v0000023bd3a3b9a0_0 .net *"_ivl_6", 0 0, L_0000023bd39cee70;  1 drivers
v0000023bd3a3c080_0 .net "or_0_out", 0 0, L_0000023bd39cf490;  1 drivers
S_0000023bd3a3e3b0 .scope module, "P2_Condition_7" "P2_Condition" 2 112, 2 63 0, S_0000023bd392f590;
 .timescale 0 0;
    .port_info 0 /OUTPUT 1 "Win";
    .port_info 1 /INPUT 1 "3_One-Face";
    .port_info 2 /INPUT 1 "3_Two-Face";
    .port_info 3 /INPUT 1 "3_Four-Face";
    .port_info 4 /INPUT 1 "3_Five-Face";
    .port_info 5 /INPUT 1 "3_Six-Face";
    .port_info 6 /INPUT 1 "3_Three-Face";
    .port_info 7 /INPUT 1 "1_One-Face";
    .port_info 8 /INPUT 1 "1_Two-Face";
    .port_info 9 /INPUT 1 "1_Three-Face";
    .port_info 10 /INPUT 1 "1_Four-Face";
    .port_info 11 /INPUT 1 "1_Five-Face";
    .port_info 12 /INPUT 1 "1_Six-Face";
L_0000023bd3a95a90 .functor AND 1, L_0000023bd3a96f70, L_0000023bd3a96720, C4<1>, C4<1>;
L_0000023bd3a95630 .functor AND 1, L_0000023bd3a95a90, L_0000023bd3a96950, C4<1>, C4<1>;
L_0000023bd3a95d30 .functor AND 1, L_0000023bd3a95630, L_0000023bd3a95fd0, C4<1>, C4<1>;
L_0000023bd3a95550 .functor AND 1, L_0000023bd3a95d30, L_0000023bd3a95fd0, C4<1>, C4<1>;
L_0000023bd3a957f0 .functor AND 1, L_0000023bd3a95550, L_0000023bd39cf960, C4<1>, C4<1>;
L_0000023bd3a95ef0 .functor OR 1, L_0000023bd3a96040, L_0000023bd3a957f0, C4<0>, C4<0>;
L_0000023bd3a95e10 .functor BUFZ 1, L_0000023bd3a95ef0, C4<0>, C4<0>, C4<0>;
L_0000023bd3a96200 .functor OR 1, L_0000023bd3a97440, L_0000023bd3a969c0, C4<0>, C4<0>;
L_0000023bd3a956a0 .functor OR 1, L_0000023bd3a96200, L_0000023bd3a97280, C4<0>, C4<0>;
L_0000023bd3a962e0 .functor OR 1, L_0000023bd3a956a0, L_0000023bd3a971a0, C4<0>, C4<0>;
L_0000023bd3a95710 .functor OR 1, L_0000023bd3a962e0, L_0000023bd3a95a20, C4<0>, C4<0>;
L_0000023bd3a96120 .functor OR 1, L_0000023bd3a95710, L_0000023bd39cf110, C4<0>, C4<0>;
L_0000023bd3a95b70 .functor NOT 1, L_0000023bd3a96120, C4<0>, C4<0>, C4<0>;
L_0000023bd3a96270 .functor NOT 1, L_0000023bd3a95b70, C4<0>, C4<0>, C4<0>;
L_0000023bd3a96040 .functor AND 1, L_0000023bd3a95860, L_0000023bd3a96270, C4<1>, C4<1>;
L_0000023bd3a96430 .functor XOR 1, L_0000023bd3a97440, L_0000023bd3a969c0, C4<0>, C4<0>;
L_0000023bd3a95780 .functor XOR 1, L_0000023bd3a96430, L_0000023bd3a97280, C4<0>, C4<0>;
L_0000023bd3a960b0 .functor XOR 1, L_0000023bd3a95780, L_0000023bd3a971a0, C4<0>, C4<0>;
L_0000023bd3a95b00 .functor XOR 1, L_0000023bd3a960b0, L_0000023bd3a95a20, C4<0>, C4<0>;
L_0000023bd3a95940 .functor XOR 1, L_0000023bd3a95b00, L_0000023bd39cf110, C4<0>, C4<0>;
L_0000023bd3a95860 .functor NOT 1, L_0000023bd3a95940, C4<0>, C4<0>, C4<0>;
v0000023bd3a3c120_0 .net "1_Five-Face", 0 0, L_0000023bd3a95fd0;  alias, 1 drivers
v0000023bd3a3c260_0 .net "1_Four-Face", 0 0, L_0000023bd3a96cd0;  alias, 1 drivers
v0000023bd3a3fff0_0 .net "1_One-Face", 0 0, L_0000023bd3a96950;  alias, 1 drivers
v0000023bd3a3e970_0 .net "1_Six-Face", 0 0, L_0000023bd39cf960;  alias, 1 drivers
v0000023bd3a3ed30_0 .net "1_Three-Face", 0 0, L_0000023bd3a96f70;  alias, 1 drivers
v0000023bd3a3ff50_0 .net "1_Two-Face", 0 0, L_0000023bd3a96720;  alias, 1 drivers
v0000023bd3a3f690_0 .net "3_Five-Face", 0 0, L_0000023bd3a95a20;  alias, 1 drivers
v0000023bd3a3f370_0 .net "3_Four-Face", 0 0, L_0000023bd3a971a0;  alias, 1 drivers
v0000023bd3a40270_0 .net "3_One-Face", 0 0, L_0000023bd3a97280;  alias, 1 drivers
v0000023bd3a3f050_0 .net "3_Six-Face", 0 0, L_0000023bd39cf110;  alias, 1 drivers
v0000023bd3a404f0_0 .net "3_Three-Face", 0 0, L_0000023bd3a97440;  alias, 1 drivers
v0000023bd3a3edd0_0 .net "3_Two-Face", 0 0, L_0000023bd3a969c0;  alias, 1 drivers
v0000023bd3a3efb0_0 .net "Win", 0 0, L_0000023bd3a95e10;  alias, 1 drivers
v0000023bd3a3f2d0_0 .net *"_ivl_0", 0 0, L_0000023bd3a95a90;  1 drivers
v0000023bd3a3fa50_0 .net *"_ivl_14", 0 0, L_0000023bd3a96200;  1 drivers
v0000023bd3a40310_0 .net *"_ivl_16", 0 0, L_0000023bd3a956a0;  1 drivers
v0000023bd3a3ee70_0 .net *"_ivl_18", 0 0, L_0000023bd3a962e0;  1 drivers
v0000023bd3a3faf0_0 .net *"_ivl_2", 0 0, L_0000023bd3a95630;  1 drivers
v0000023bd3a3ec90_0 .net *"_ivl_20", 0 0, L_0000023bd3a95710;  1 drivers
v0000023bd3a3f730_0 .net *"_ivl_22", 0 0, L_0000023bd3a96120;  1 drivers
v0000023bd3a3fb90_0 .net *"_ivl_30", 0 0, L_0000023bd3a96430;  1 drivers
v0000023bd3a3eb50_0 .net *"_ivl_32", 0 0, L_0000023bd3a95780;  1 drivers
v0000023bd3a3f910_0 .net *"_ivl_34", 0 0, L_0000023bd3a960b0;  1 drivers
v0000023bd3a3eab0_0 .net *"_ivl_36", 0 0, L_0000023bd3a95b00;  1 drivers
v0000023bd3a3fd70_0 .net *"_ivl_38", 0 0, L_0000023bd3a95940;  1 drivers
v0000023bd3a403b0_0 .net *"_ivl_4", 0 0, L_0000023bd3a95d30;  1 drivers
v0000023bd3a3f7d0_0 .net *"_ivl_6", 0 0, L_0000023bd3a95550;  1 drivers
v0000023bd3a3f410_0 .net "and_0_out", 0 0, L_0000023bd3a957f0;  1 drivers
v0000023bd3a3f0f0_0 .net "and_1_out", 0 0, L_0000023bd3a96040;  1 drivers
v0000023bd3a3ebf0_0 .net "nor_0_out", 0 0, L_0000023bd3a95b70;  1 drivers
v0000023bd3a3fe10_0 .net "not_0_out", 0 0, L_0000023bd3a96270;  1 drivers
v0000023bd3a3ea10_0 .net "or_0_out", 0 0, L_0000023bd3a95ef0;  1 drivers
v0000023bd3a3f230_0 .net "xnor_0_out", 0 0, L_0000023bd3a95860;  1 drivers
S_0000023bd3a3e090 .scope module, "P3_Condition_8" "P3_Condition" 2 120, 2 76 0, S_0000023bd392f590;
 .timescale 0 0;
    .port_info 0 /OUTPUT 1 "Win";
    .port_info 1 /INPUT 1 "3_Four-Face";
L_0000023bd3a96fe0 .functor BUFZ 1, L_0000023bd3a971a0, C4<0>, C4<0>, C4<0>;
v0000023bd3a3fc30_0 .net "3_Four-Face", 0 0, L_0000023bd3a971a0;  alias, 1 drivers
v0000023bd3a3feb0_0 .net "Win", 0 0, L_0000023bd3a96fe0;  alias, 1 drivers
S_0000023bd3a3e220 .scope module, "P4_Condition_9" "P4_Condition" 2 110, 2 27 0, S_0000023bd392f590;
 .timescale 0 0;
    .port_info 0 /OUTPUT 1 "Win";
    .port_info 1 /INPUT 1 "4_One-Face";
    .port_info 2 /INPUT 1 "4_Two-Face";
    .port_info 3 /INPUT 1 "4_Three-Face";
    .port_info 4 /INPUT 1 "4_Five-Face";
    .port_info 5 /INPUT 1 "4_Six-Face";
L_0000023bd39cf260 .functor OR 1, L_0000023bd3a96870, L_0000023bd3a96e90, C4<0>, C4<0>;
L_0000023bd39cf5e0 .functor OR 1, L_0000023bd39cf260, L_0000023bd3a973d0, C4<0>, C4<0>;
L_0000023bd39a5970 .functor OR 1, L_0000023bd39cf5e0, L_0000023bd3a96350, C4<0>, C4<0>;
L_0000023bd39b7510 .functor OR 1, L_0000023bd39a5970, L_0000023bd39cf2d0, C4<0>, C4<0>;
L_0000023bd3a95c50 .functor BUFZ 1, L_0000023bd39b7510, C4<0>, C4<0>, C4<0>;
v0000023bd3a3f550_0 .net "4_Five-Face", 0 0, L_0000023bd3a96350;  alias, 1 drivers
v0000023bd3a3f190_0 .net "4_One-Face", 0 0, L_0000023bd3a96870;  alias, 1 drivers
v0000023bd3a3f870_0 .net "4_Six-Face", 0 0, L_0000023bd39cf2d0;  alias, 1 drivers
v0000023bd3a3ef10_0 .net "4_Three-Face", 0 0, L_0000023bd3a973d0;  alias, 1 drivers
v0000023bd3a40630_0 .net "4_Two-Face", 0 0, L_0000023bd3a96e90;  alias, 1 drivers
v0000023bd3a40590_0 .net "Win", 0 0, L_0000023bd3a95c50;  alias, 1 drivers
v0000023bd3a3f9b0_0 .net *"_ivl_0", 0 0, L_0000023bd39cf260;  1 drivers
v0000023bd3a40130_0 .net *"_ivl_2", 0 0, L_0000023bd39cf5e0;  1 drivers
v0000023bd3a3f4b0_0 .net *"_ivl_4", 0 0, L_0000023bd39a5970;  1 drivers
v0000023bd3a40450_0 .net "or_0_out", 0 0, L_0000023bd39b7510;  1 drivers
S_0000023bd3a3da50 .scope module, "P5_Condition_10" "P5_Condition" 2 121, 2 82 0, S_0000023bd392f590;
 .timescale 0 0;
    .port_info 0 /OUTPUT 1 "Win";
    .port_info 1 /INPUT 1 "2_4-Face";
L_0000023bd3a96d40 .functor BUFZ 1, L_0000023bd3a965d0, C4<0>, C4<0>, C4<0>;
v0000023bd3a3f5f0_0 .net "2_4-Face", 0 0, L_0000023bd3a965d0;  alias, 1 drivers
v0000023bd3a3fcd0_0 .net "Win", 0 0, L_0000023bd3a96d40;  alias, 1 drivers
S_0000023bd3a3d8c0 .scope module, "P6_Condition_11" "P6_Condition" 2 123, 2 88 0, S_0000023bd392f590;
 .timescale 0 0;
    .port_info 0 /OUTPUT 1 "Win";
    .port_info 1 /INPUT 1 "1_Four-Face";
L_0000023bd3a96db0 .functor BUFZ 1, L_0000023bd3a96cd0, C4<0>, C4<0>, C4<0>;
v0000023bd3a40090_0 .net "1_Four-Face", 0 0, L_0000023bd3a96cd0;  alias, 1 drivers
v0000023bd3a401d0_0 .net "Win", 0 0, L_0000023bd3a96db0;  alias, 1 drivers
    .scope S_0000023bd3a3e6d0;
T_0 ;
    %wait E_0000023bd399de90;
    %pushi/vec4 0, 0, 1;
    %store/vec4 v0000023bd3a3c1c0_0, 0, 1;
    %pushi/vec4 0, 0, 1;
    %store/vec4 v0000023bd3a3bd60_0, 0, 1;
    %pushi/vec4 0, 0, 1;
    %store/vec4 v0000023bd3a3d200_0, 0, 1;
    %pushi/vec4 0, 0, 1;
    %store/vec4 v0000023bd3a3d020_0, 0, 1;
    %pushi/vec4 0, 0, 1;
    %store/vec4 v0000023bd3a3ca80_0, 0, 1;
    %pushi/vec4 0, 0, 1;
    %store/vec4 v0000023bd3a3bb80_0, 0, 1;
    %pushi/vec4 0, 0, 1;
    %store/vec4 v0000023bd3a3cc60_0, 0, 1;
    %pushi/vec4 0, 0, 1;
    %store/vec4 v0000023bd3a3bea0_0, 0, 1;
    %load/vec4 v0000023bd3a3b720_0;
    %dup/vec4;
    %pushi/vec4 0, 0, 3;
    %cmp/u;
    %jmp/1 T_0.0, 6;
    %dup/vec4;
    %pushi/vec4 1, 0, 3;
    %cmp/u;
    %jmp/1 T_0.1, 6;
    %dup/vec4;
    %pushi/vec4 2, 0, 3;
    %cmp/u;
    %jmp/1 T_0.2, 6;
    %dup/vec4;
    %pushi/vec4 3, 0, 3;
    %cmp/u;
    %jmp/1 T_0.3, 6;
    %dup/vec4;
    %pushi/vec4 4, 0, 3;
    %cmp/u;
    %jmp/1 T_0.4, 6;
    %dup/vec4;
    %pushi/vec4 5, 0, 3;
    %cmp/u;
    %jmp/1 T_0.5, 6;
    %dup/vec4;
    %pushi/vec4 6, 0, 3;
    %cmp/u;
    %jmp/1 T_0.6, 6;
    %dup/vec4;
    %pushi/vec4 7, 0, 3;
    %cmp/u;
    %jmp/1 T_0.7, 6;
    %jmp T_0.8;
T_0.0 ;
    %pushi/vec4 1, 0, 1;
    %store/vec4 v0000023bd3a3c1c0_0, 0, 1;
    %jmp T_0.8;
T_0.1 ;
    %pushi/vec4 1, 0, 1;
    %store/vec4 v0000023bd3a3bd60_0, 0, 1;
    %jmp T_0.8;
T_0.2 ;
    %pushi/vec4 1, 0, 1;
    %store/vec4 v0000023bd3a3d200_0, 0, 1;
    %jmp T_0.8;
T_0.3 ;
    %pushi/vec4 1, 0, 1;
    %store/vec4 v0000023bd3a3d020_0, 0, 1;
    %jmp T_0.8;
T_0.4 ;
    %pushi/vec4 1, 0, 1;
    %store/vec4 v0000023bd3a3ca80_0, 0, 1;
    %jmp T_0.8;
T_0.5 ;
    %pushi/vec4 1, 0, 1;
    %store/vec4 v0000023bd3a3bb80_0, 0, 1;
    %jmp T_0.8;
T_0.6 ;
    %pushi/vec4 1, 0, 1;
    %store/vec4 v0000023bd3a3cc60_0, 0, 1;
    %jmp T_0.8;
T_0.7 ;
    %pushi/vec4 1, 0, 1;
    %store/vec4 v0000023bd3a3bea0_0, 0, 1;
    %jmp T_0.8;
T_0.8 ;
    %pop/vec4 1;
    %jmp T_0;
    .thread T_0, $push;
    .scope S_0000023bd3a37070;
T_1 ;
    %wait E_0000023bd399d450;
    %pushi/vec4 0, 0, 1;
    %store/vec4 v0000023bd3a35830_0, 0, 1;
    %pushi/vec4 0, 0, 1;
    %store/vec4 v0000023bd3a358d0_0, 0, 1;
    %pushi/vec4 0, 0, 1;
    %store/vec4 v0000023bd3a353d0_0, 0, 1;
    %pushi/vec4 0, 0, 1;
    %store/vec4 v0000023bd3a36910_0, 0, 1;
    %pushi/vec4 0, 0, 1;
    %store/vec4 v0000023bd3a36410_0, 0, 1;
    %pushi/vec4 0, 0, 1;
    %store/vec4 v0000023bd3a35f10_0, 0, 1;
    %pushi/vec4 0, 0, 1;
    %store/vec4 v0000023bd3a35d30_0, 0, 1;
    %pushi/vec4 0, 0, 1;
    %store/vec4 v0000023bd3a35ab0_0, 0, 1;
    %load/vec4 v0000023bd3a35470_0;
    %dup/vec4;
    %pushi/vec4 0, 0, 3;
    %cmp/u;
    %jmp/1 T_1.0, 6;
    %dup/vec4;
    %pushi/vec4 1, 0, 3;
    %cmp/u;
    %jmp/1 T_1.1, 6;
    %dup/vec4;
    %pushi/vec4 2, 0, 3;
    %cmp/u;
    %jmp/1 T_1.2, 6;
    %dup/vec4;
    %pushi/vec4 3, 0, 3;
    %cmp/u;
    %jmp/1 T_1.3, 6;
    %dup/vec4;
    %pushi/vec4 4, 0, 3;
    %cmp/u;
    %jmp/1 T_1.4, 6;
    %dup/vec4;
    %pushi/vec4 5, 0, 3;
    %cmp/u;
    %jmp/1 T_1.5, 6;
    %dup/vec4;
    %pushi/vec4 6, 0, 3;
    %cmp/u;
    %jmp/1 T_1.6, 6;
    %dup/vec4;
    %pushi/vec4 7, 0, 3;
    %cmp/u;
    %jmp/1 T_1.7, 6;
    %jmp T_1.8;
T_1.0 ;
    %pushi/vec4 1, 0, 1;
    %store/vec4 v0000023bd3a35830_0, 0, 1;
    %jmp T_1.8;
T_1.1 ;
    %pushi/vec4 1, 0, 1;
    %store/vec4 v0000023bd3a358d0_0, 0, 1;
    %jmp T_1.8;
T_1.2 ;
    %pushi/vec4 1, 0, 1;
    %store/vec4 v0000023bd3a353d0_0, 0, 1;
    %jmp T_1.8;
T_1.3 ;
    %pushi/vec4 1, 0, 1;
    %store/vec4 v0000023bd3a36910_0, 0, 1;
    %jmp T_1.8;
T_1.4 ;
    %pushi/vec4 1, 0, 1;
    %store/vec4 v0000023bd3a36410_0, 0, 1;
    %jmp T_1.8;
T_1.5 ;
    %pushi/vec4 1, 0, 1;
    %store/vec4 v0000023bd3a35f10_0, 0, 1;
    %jmp T_1.8;
T_1.6 ;
    %pushi/vec4 1, 0, 1;
    %store/vec4 v0000023bd3a35d30_0, 0, 1;
    %jmp T_1.8;
T_1.7 ;
    %pushi/vec4 1, 0, 1;
    %store/vec4 v0000023bd3a35ab0_0, 0, 1;
    %jmp T_1.8;
T_1.8 ;
    %pop/vec4 1;
    %jmp T_1;
    .thread T_1, $push;
    .scope S_0000023bd3933c30;
T_2 ;
    %wait E_0000023bd399d410;
    %pushi/vec4 0, 0, 1;
    %store/vec4 v0000023bd3a31b30_0, 0, 1;
    %pushi/vec4 0, 0, 1;
    %store/vec4 v0000023bd3a31950_0, 0, 1;
    %pushi/vec4 0, 0, 1;
    %store/vec4 v0000023bd3a319f0_0, 0, 1;
    %pushi/vec4 0, 0, 1;
    %store/vec4 v0000023bd3a325d0_0, 0, 1;
    %pushi/vec4 0, 0, 1;
    %store/vec4 v0000023bd3a31c70_0, 0, 1;
    %pushi/vec4 0, 0, 1;
    %store/vec4 v0000023bd3a32df0_0, 0, 1;
    %pushi/vec4 0, 0, 1;
    %store/vec4 v0000023bd3a328f0_0, 0, 1;
    %pushi/vec4 0, 0, 1;
    %store/vec4 v0000023bd3a369b0_0, 0, 1;
    %load/vec4 v0000023bd3a35c90_0;
    %dup/vec4;
    %pushi/vec4 0, 0, 3;
    %cmp/u;
    %jmp/1 T_2.0, 6;
    %dup/vec4;
    %pushi/vec4 1, 0, 3;
    %cmp/u;
    %jmp/1 T_2.1, 6;
    %dup/vec4;
    %pushi/vec4 2, 0, 3;
    %cmp/u;
    %jmp/1 T_2.2, 6;
    %dup/vec4;
    %pushi/vec4 3, 0, 3;
    %cmp/u;
    %jmp/1 T_2.3, 6;
    %dup/vec4;
    %pushi/vec4 4, 0, 3;
    %cmp/u;
    %jmp/1 T_2.4, 6;
    %dup/vec4;
    %pushi/vec4 5, 0, 3;
    %cmp/u;
    %jmp/1 T_2.5, 6;
    %dup/vec4;
    %pushi/vec4 6, 0, 3;
    %cmp/u;
    %jmp/1 T_2.6, 6;
    %dup/vec4;
    %pushi/vec4 7, 0, 3;
    %cmp/u;
    %jmp/1 T_2.7, 6;
    %jmp T_2.8;
T_2.0 ;
    %pushi/vec4 1, 0, 1;
    %store/vec4 v0000023bd3a31b30_0, 0, 1;
    %jmp T_2.8;
T_2.1 ;
    %pushi/vec4 1, 0, 1;
    %store/vec4 v0000023bd3a31950_0, 0, 1;
    %jmp T_2.8;
T_2.2 ;
    %pushi/vec4 1, 0, 1;
    %store/vec4 v0000023bd3a319f0_0, 0, 1;
    %jmp T_2.8;
T_2.3 ;
    %pushi/vec4 1, 0, 1;
    %store/vec4 v0000023bd3a325d0_0, 0, 1;
    %jmp T_2.8;
T_2.4 ;
    %pushi/vec4 1, 0, 1;
    %store/vec4 v0000023bd3a31c70_0, 0, 1;
    %jmp T_2.8;
T_2.5 ;
    %pushi/vec4 1, 0, 1;
    %store/vec4 v0000023bd3a32df0_0, 0, 1;
    %jmp T_2.8;
T_2.6 ;
    %pushi/vec4 1, 0, 1;
    %store/vec4 v0000023bd3a328f0_0, 0, 1;
    %jmp T_2.8;
T_2.7 ;
    %pushi/vec4 1, 0, 1;
    %store/vec4 v0000023bd3a369b0_0, 0, 1;
    %jmp T_2.8;
T_2.8 ;
    %pop/vec4 1;
    %jmp T_2;
    .thread T_2, $push;
    .scope S_0000023bd38f2900;
T_3 ;
    %wait E_0000023bd399d310;
    %pushi/vec4 0, 0, 1;
    %store/vec4 v0000023bd3a32670_0, 0, 1;
    %pushi/vec4 0, 0, 1;
    %store/vec4 v0000023bd3a32e90_0, 0, 1;
    %pushi/vec4 0, 0, 1;
    %store/vec4 v0000023bd3a31590_0, 0, 1;
    %pushi/vec4 0, 0, 1;
    %store/vec4 v0000023bd3a31310_0, 0, 1;
    %pushi/vec4 0, 0, 1;
    %store/vec4 v0000023bd3a32a30_0, 0, 1;
    %pushi/vec4 0, 0, 1;
    %store/vec4 v0000023bd3a32d50_0, 0, 1;
    %pushi/vec4 0, 0, 1;
    %store/vec4 v0000023bd3a32350_0, 0, 1;
    %pushi/vec4 0, 0, 1;
    %store/vec4 v0000023bd3a31090_0, 0, 1;
    %load/vec4 v0000023bd3a32210_0;
    %dup/vec4;
    %pushi/vec4 0, 0, 3;
    %cmp/u;
    %jmp/1 T_3.0, 6;
    %dup/vec4;
    %pushi/vec4 1, 0, 3;
    %cmp/u;
    %jmp/1 T_3.1, 6;
    %dup/vec4;
    %pushi/vec4 2, 0, 3;
    %cmp/u;
    %jmp/1 T_3.2, 6;
    %dup/vec4;
    %pushi/vec4 3, 0, 3;
    %cmp/u;
    %jmp/1 T_3.3, 6;
    %dup/vec4;
    %pushi/vec4 4, 0, 3;
    %cmp/u;
    %jmp/1 T_3.4, 6;
    %dup/vec4;
    %pushi/vec4 5, 0, 3;
    %cmp/u;
    %jmp/1 T_3.5, 6;
    %dup/vec4;
    %pushi/vec4 6, 0, 3;
    %cmp/u;
    %jmp/1 T_3.6, 6;
    %dup/vec4;
    %pushi/vec4 7, 0, 3;
    %cmp/u;
    %jmp/1 T_3.7, 6;
    %jmp T_3.8;
T_3.0 ;
    %pushi/vec4 1, 0, 1;
    %store/vec4 v0000023bd3a32670_0, 0, 1;
    %jmp T_3.8;
T_3.1 ;
    %pushi/vec4 1, 0, 1;
    %store/vec4 v0000023bd3a32e90_0, 0, 1;
    %jmp T_3.8;
T_3.2 ;
    %pushi/vec4 1, 0, 1;
    %store/vec4 v0000023bd3a31590_0, 0, 1;
    %jmp T_3.8;
T_3.3 ;
    %pushi/vec4 1, 0, 1;
    %store/vec4 v0000023bd3a31310_0, 0, 1;
    %jmp T_3.8;
T_3.4 ;
    %pushi/vec4 1, 0, 1;
    %store/vec4 v0000023bd3a32a30_0, 0, 1;
    %jmp T_3.8;
T_3.5 ;
    %pushi/vec4 1, 0, 1;
    %store/vec4 v0000023bd3a32d50_0, 0, 1;
    %jmp T_3.8;
T_3.6 ;
    %pushi/vec4 1, 0, 1;
    %store/vec4 v0000023bd3a32350_0, 0, 1;
    %jmp T_3.8;
T_3.7 ;
    %pushi/vec4 1, 0, 1;
    %store/vec4 v0000023bd3a31090_0, 0, 1;
    %jmp T_3.8;
T_3.8 ;
    %pop/vec4 1;
    %jmp T_3;
    .thread T_3, $push;
    .scope S_0000023bd394c680;
T_4 ;
    %wait E_0000023bd399da50;
    %pushi/vec4 0, 0, 1;
    %store/vec4 v0000023bd3a30c00_0, 0, 1;
    %pushi/vec4 0, 0, 1;
    %store/vec4 v0000023bd3a30ac0_0, 0, 1;
    %pushi/vec4 0, 0, 1;
    %store/vec4 v0000023bd3a2fa80_0, 0, 1;
    %pushi/vec4 0, 0, 1;
    %store/vec4 v0000023bd3a2f440_0, 0, 1;
    %pushi/vec4 0, 0, 1;
    %store/vec4 v0000023bd3a2f940_0, 0, 1;
    %pushi/vec4 0, 0, 1;
    %store/vec4 v0000023bd3a2f4e0_0, 0, 1;
    %pushi/vec4 0, 0, 1;
    %store/vec4 v0000023bd3a30e80_0, 0, 1;
    %pushi/vec4 0, 0, 1;
    %store/vec4 v0000023bd3a2f580_0, 0, 1;
    %load/vec4 v0000023bd3a307a0_0;
    %dup/vec4;
    %pushi/vec4 0, 0, 3;
    %cmp/u;
    %jmp/1 T_4.0, 6;
    %dup/vec4;
    %pushi/vec4 1, 0, 3;
    %cmp/u;
    %jmp/1 T_4.1, 6;
    %dup/vec4;
    %pushi/vec4 2, 0, 3;
    %cmp/u;
    %jmp/1 T_4.2, 6;
    %dup/vec4;
    %pushi/vec4 3, 0, 3;
    %cmp/u;
    %jmp/1 T_4.3, 6;
    %dup/vec4;
    %pushi/vec4 4, 0, 3;
    %cmp/u;
    %jmp/1 T_4.4, 6;
    %dup/vec4;
    %pushi/vec4 5, 0, 3;
    %cmp/u;
    %jmp/1 T_4.5, 6;
    %dup/vec4;
    %pushi/vec4 6, 0, 3;
    %cmp/u;
    %jmp/1 T_4.6, 6;
    %dup/vec4;
    %pushi/vec4 7, 0, 3;
    %cmp/u;
    %jmp/1 T_4.7, 6;
    %jmp T_4.8;
T_4.0 ;
    %pushi/vec4 1, 0, 1;
    %store/vec4 v0000023bd3a30c00_0, 0, 1;
    %jmp T_4.8;
T_4.1 ;
    %pushi/vec4 1, 0, 1;
    %store/vec4 v0000023bd3a30ac0_0, 0, 1;
    %jmp T_4.8;
T_4.2 ;
    %pushi/vec4 1, 0, 1;
    %store/vec4 v0000023bd3a2fa80_0, 0, 1;
    %jmp T_4.8;
T_4.3 ;
    %pushi/vec4 1, 0, 1;
    %store/vec4 v0000023bd3a2f440_0, 0, 1;
    %jmp T_4.8;
T_4.4 ;
    %pushi/vec4 1, 0, 1;
    %store/vec4 v0000023bd3a2f940_0, 0, 1;
    %jmp T_4.8;
T_4.5 ;
    %pushi/vec4 1, 0, 1;
    %store/vec4 v0000023bd3a2f4e0_0, 0, 1;
    %jmp T_4.8;
T_4.6 ;
    %pushi/vec4 1, 0, 1;
    %store/vec4 v0000023bd3a30e80_0, 0, 1;
    %jmp T_4.8;
T_4.7 ;
    %pushi/vec4 1, 0, 1;
    %store/vec4 v0000023bd3a2f580_0, 0, 1;
    %jmp T_4.8;
T_4.8 ;
    %pop/vec4 1;
    %jmp T_4;
    .thread T_4, $push;
    .scope S_0000023bd3925df0;
T_5 ;
    %wait E_0000023bd399d1d0;
    %pushi/vec4 0, 0, 1;
    %store/vec4 v0000023bd39ddbe0_0, 0, 1;
    %pushi/vec4 0, 0, 1;
    %store/vec4 v0000023bd39dd640_0, 0, 1;
    %pushi/vec4 0, 0, 1;
    %store/vec4 v0000023bd39dd280_0, 0, 1;
    %pushi/vec4 0, 0, 1;
    %store/vec4 v0000023bd39de4a0_0, 0, 1;
    %pushi/vec4 0, 0, 1;
    %store/vec4 v0000023bd39de220_0, 0, 1;
    %pushi/vec4 0, 0, 1;
    %store/vec4 v0000023bd39de040_0, 0, 1;
    %pushi/vec4 0, 0, 1;
    %store/vec4 v0000023bd39dd5a0_0, 0, 1;
    %pushi/vec4 0, 0, 1;
    %store/vec4 v0000023bd39de5e0_0, 0, 1;
    %load/vec4 v0000023bd39ded60_0;
    %dup/vec4;
    %pushi/vec4 0, 0, 3;
    %cmp/u;
    %jmp/1 T_5.0, 6;
    %dup/vec4;
    %pushi/vec4 1, 0, 3;
    %cmp/u;
    %jmp/1 T_5.1, 6;
    %dup/vec4;
    %pushi/vec4 2, 0, 3;
    %cmp/u;
    %jmp/1 T_5.2, 6;
    %dup/vec4;
    %pushi/vec4 3, 0, 3;
    %cmp/u;
    %jmp/1 T_5.3, 6;
    %dup/vec4;
    %pushi/vec4 4, 0, 3;
    %cmp/u;
    %jmp/1 T_5.4, 6;
    %dup/vec4;
    %pushi/vec4 5, 0, 3;
    %cmp/u;
    %jmp/1 T_5.5, 6;
    %dup/vec4;
    %pushi/vec4 6, 0, 3;
    %cmp/u;
    %jmp/1 T_5.6, 6;
    %dup/vec4;
    %pushi/vec4 7, 0, 3;
    %cmp/u;
    %jmp/1 T_5.7, 6;
    %jmp T_5.8;
T_5.0 ;
    %pushi/vec4 1, 0, 1;
    %store/vec4 v0000023bd39ddbe0_0, 0, 1;
    %jmp T_5.8;
T_5.1 ;
    %pushi/vec4 1, 0, 1;
    %store/vec4 v0000023bd39dd640_0, 0, 1;
    %jmp T_5.8;
T_5.2 ;
    %pushi/vec4 1, 0, 1;
    %store/vec4 v0000023bd39dd280_0, 0, 1;
    %jmp T_5.8;
T_5.3 ;
    %pushi/vec4 1, 0, 1;
    %store/vec4 v0000023bd39de4a0_0, 0, 1;
    %jmp T_5.8;
T_5.4 ;
    %pushi/vec4 1, 0, 1;
    %store/vec4 v0000023bd39de220_0, 0, 1;
    %jmp T_5.8;
T_5.5 ;
    %pushi/vec4 1, 0, 1;
    %store/vec4 v0000023bd39de040_0, 0, 1;
    %jmp T_5.8;
T_5.6 ;
    %pushi/vec4 1, 0, 1;
    %store/vec4 v0000023bd39dd5a0_0, 0, 1;
    %jmp T_5.8;
T_5.7 ;
    %pushi/vec4 1, 0, 1;
    %store/vec4 v0000023bd39de5e0_0, 0, 1;
    %jmp T_5.8;
T_5.8 ;
    %pop/vec4 1;
    %jmp T_5;
    .thread T_5, $push;
    .scope S_0000023bd392b830;
T_6 ;
    %wait E_0000023bd399d910;
    %pushi/vec4 0, 0, 1;
    %store/vec4 v0000023bd39bcf50_0, 0, 1;
    %pushi/vec4 0, 0, 1;
    %store/vec4 v0000023bd39bd130_0, 0, 1;
    %pushi/vec4 0, 0, 1;
    %store/vec4 v0000023bd39bd090_0, 0, 1;
    %pushi/vec4 0, 0, 1;
    %store/vec4 v0000023bd39bd1d0_0, 0, 1;
    %pushi/vec4 0, 0, 1;
    %store/vec4 v0000023bd39bd270_0, 0, 1;
    %pushi/vec4 0, 0, 1;
    %store/vec4 v0000023bd39bc870_0, 0, 1;
    %pushi/vec4 0, 0, 1;
    %store/vec4 v0000023bd39bd310_0, 0, 1;
    %pushi/vec4 0, 0, 1;
    %store/vec4 v0000023bd39bc910_0, 0, 1;
    %load/vec4 v0000023bd39bd4f0_0;
    %dup/vec4;
    %pushi/vec4 0, 0, 3;
    %cmp/u;
    %jmp/1 T_6.0, 6;
    %dup/vec4;
    %pushi/vec4 1, 0, 3;
    %cmp/u;
    %jmp/1 T_6.1, 6;
    %dup/vec4;
    %pushi/vec4 2, 0, 3;
    %cmp/u;
    %jmp/1 T_6.2, 6;
    %dup/vec4;
    %pushi/vec4 3, 0, 3;
    %cmp/u;
    %jmp/1 T_6.3, 6;
    %dup/vec4;
    %pushi/vec4 4, 0, 3;
    %cmp/u;
    %jmp/1 T_6.4, 6;
    %dup/vec4;
    %pushi/vec4 5, 0, 3;
    %cmp/u;
    %jmp/1 T_6.5, 6;
    %dup/vec4;
    %pushi/vec4 6, 0, 3;
    %cmp/u;
    %jmp/1 T_6.6, 6;
    %dup/vec4;
    %pushi/vec4 7, 0, 3;
    %cmp/u;
    %jmp/1 T_6.7, 6;
    %jmp T_6.8;
T_6.0 ;
    %pushi/vec4 1, 0, 1;
    %store/vec4 v0000023bd39bcf50_0, 0, 1;
    %jmp T_6.8;
T_6.1 ;
    %pushi/vec4 1, 0, 1;
    %store/vec4 v0000023bd39bd130_0, 0, 1;
    %jmp T_6.8;
T_6.2 ;
    %pushi/vec4 1, 0, 1;
    %store/vec4 v0000023bd39bd090_0, 0, 1;
    %jmp T_6.8;
T_6.3 ;
    %pushi/vec4 1, 0, 1;
    %store/vec4 v0000023bd39bd1d0_0, 0, 1;
    %jmp T_6.8;
T_6.4 ;
    %pushi/vec4 1, 0, 1;
    %store/vec4 v0000023bd39bd270_0, 0, 1;
    %jmp T_6.8;
T_6.5 ;
    %pushi/vec4 1, 0, 1;
    %store/vec4 v0000023bd39bc870_0, 0, 1;
    %jmp T_6.8;
T_6.6 ;
    %pushi/vec4 1, 0, 1;
    %store/vec4 v0000023bd39bd310_0, 0, 1;
    %jmp T_6.8;
T_6.7 ;
    %pushi/vec4 1, 0, 1;
    %store/vec4 v0000023bd39bc910_0, 0, 1;
    %jmp T_6.8;
T_6.8 ;
    %pop/vec4 1;
    %jmp T_6;
    .thread T_6, $push;
    .scope S_0000023bd3a3e540;
T_7 ;
    %wait E_0000023bd399dd50;
    %pushi/vec4 0, 0, 1;
    %store/vec4 v0000023bd3a3cd00_0, 0, 1;
    %pushi/vec4 0, 0, 1;
    %store/vec4 v0000023bd3a3c940_0, 0, 1;
    %pushi/vec4 0, 0, 1;
    %store/vec4 v0000023bd3a3c800_0, 0, 1;
    %pushi/vec4 0, 0, 1;
    %store/vec4 v0000023bd3a3c8a0_0, 0, 1;
    %pushi/vec4 0, 0, 1;
    %store/vec4 v0000023bd3a3be00_0, 0, 1;
    %pushi/vec4 0, 0, 1;
    %store/vec4 v0000023bd3a3bae0_0, 0, 1;
    %pushi/vec4 0, 0, 1;
    %store/vec4 v0000023bd3a3cb20_0, 0, 1;
    %pushi/vec4 0, 0, 1;
    %store/vec4 v0000023bd3a3c580_0, 0, 1;
    %load/vec4 v0000023bd3a3d520_0;
    %dup/vec4;
    %pushi/vec4 0, 0, 3;
    %cmp/u;
    %jmp/1 T_7.0, 6;
    %dup/vec4;
    %pushi/vec4 1, 0, 3;
    %cmp/u;
    %jmp/1 T_7.1, 6;
    %dup/vec4;
    %pushi/vec4 2, 0, 3;
    %cmp/u;
    %jmp/1 T_7.2, 6;
    %dup/vec4;
    %pushi/vec4 3, 0, 3;
    %cmp/u;
    %jmp/1 T_7.3, 6;
    %dup/vec4;
    %pushi/vec4 4, 0, 3;
    %cmp/u;
    %jmp/1 T_7.4, 6;
    %dup/vec4;
    %pushi/vec4 5, 0, 3;
    %cmp/u;
    %jmp/1 T_7.5, 6;
    %dup/vec4;
    %pushi/vec4 6, 0, 3;
    %cmp/u;
    %jmp/1 T_7.6, 6;
    %dup/vec4;
    %pushi/vec4 7, 0, 3;
    %cmp/u;
    %jmp/1 T_7.7, 6;
    %jmp T_7.8;
T_7.0 ;
    %pushi/vec4 1, 0, 1;
    %store/vec4 v0000023bd3a3cd00_0, 0, 1;
    %jmp T_7.8;
T_7.1 ;
    %pushi/vec4 1, 0, 1;
    %store/vec4 v0000023bd3a3c940_0, 0, 1;
    %jmp T_7.8;
T_7.2 ;
    %pushi/vec4 1, 0, 1;
    %store/vec4 v0000023bd3a3c800_0, 0, 1;
    %jmp T_7.8;
T_7.3 ;
    %pushi/vec4 1, 0, 1;
    %store/vec4 v0000023bd3a3c8a0_0, 0, 1;
    %jmp T_7.8;
T_7.4 ;
    %pushi/vec4 1, 0, 1;
    %store/vec4 v0000023bd3a3be00_0, 0, 1;
    %jmp T_7.8;
T_7.5 ;
    %pushi/vec4 1, 0, 1;
    %store/vec4 v0000023bd3a3bae0_0, 0, 1;
    %jmp T_7.8;
T_7.6 ;
    %pushi/vec4 1, 0, 1;
    %store/vec4 v0000023bd3a3cb20_0, 0, 1;
    %jmp T_7.8;
T_7.7 ;
    %pushi/vec4 1, 0, 1;
    %store/vec4 v0000023bd3a3c580_0, 0, 1;
    %jmp T_7.8;
T_7.8 ;
    %pop/vec4 1;
    %jmp T_7;
    .thread T_7, $push;
    .scope S_0000023bd3a3d6e0;
T_8 ;
    %wait E_0000023bd399dbd0;
    %pushi/vec4 0, 0, 1;
    %store/vec4 v0000023bd3a3ce40_0, 0, 1;
    %pushi/vec4 0, 0, 1;
    %store/vec4 v0000023bd3a3c620_0, 0, 1;
    %pushi/vec4 0, 0, 1;
    %store/vec4 v0000023bd3a3c3a0_0, 0, 1;
    %pushi/vec4 0, 0, 1;
    %store/vec4 v0000023bd3a3c440_0, 0, 1;
    %pushi/vec4 0, 0, 1;
    %store/vec4 v0000023bd3a3b900_0, 0, 1;
    %pushi/vec4 0, 0, 1;
    %store/vec4 v0000023bd3a3d3e0_0, 0, 1;
    %pushi/vec4 0, 0, 1;
    %store/vec4 v0000023bd3a3d160_0, 0, 1;
    %pushi/vec4 0, 0, 1;
    %store/vec4 v0000023bd3a3c4e0_0, 0, 1;
    %load/vec4 v0000023bd3a3ba40_0;
    %dup/vec4;
    %pushi/vec4 0, 0, 3;
    %cmp/u;
    %jmp/1 T_8.0, 6;
    %dup/vec4;
    %pushi/vec4 1, 0, 3;
    %cmp/u;
    %jmp/1 T_8.1, 6;
    %dup/vec4;
    %pushi/vec4 2, 0, 3;
    %cmp/u;
    %jmp/1 T_8.2, 6;
    %dup/vec4;
    %pushi/vec4 3, 0, 3;
    %cmp/u;
    %jmp/1 T_8.3, 6;
    %dup/vec4;
    %pushi/vec4 4, 0, 3;
    %cmp/u;
    %jmp/1 T_8.4, 6;
    %dup/vec4;
    %pushi/vec4 5, 0, 3;
    %cmp/u;
    %jmp/1 T_8.5, 6;
    %dup/vec4;
    %pushi/vec4 6, 0, 3;
    %cmp/u;
    %jmp/1 T_8.6, 6;
    %dup/vec4;
    %pushi/vec4 7, 0, 3;
    %cmp/u;
    %jmp/1 T_8.7, 6;
    %jmp T_8.8;
T_8.0 ;
    %pushi/vec4 1, 0, 1;
    %store/vec4 v0000023bd3a3ce40_0, 0, 1;
    %jmp T_8.8;
T_8.1 ;
    %pushi/vec4 1, 0, 1;
    %store/vec4 v0000023bd3a3c620_0, 0, 1;
    %jmp T_8.8;
T_8.2 ;
    %pushi/vec4 1, 0, 1;
    %store/vec4 v0000023bd3a3c3a0_0, 0, 1;
    %jmp T_8.8;
T_8.3 ;
    %pushi/vec4 1, 0, 1;
    %store/vec4 v0000023bd3a3c440_0, 0, 1;
    %jmp T_8.8;
T_8.4 ;
    %pushi/vec4 1, 0, 1;
    %store/vec4 v0000023bd3a3b900_0, 0, 1;
    %jmp T_8.8;
T_8.5 ;
    %pushi/vec4 1, 0, 1;
    %store/vec4 v0000023bd3a3d3e0_0, 0, 1;
    %jmp T_8.8;
T_8.6 ;
    %pushi/vec4 1, 0, 1;
    %store/vec4 v0000023bd3a3d160_0, 0, 1;
    %jmp T_8.8;
T_8.7 ;
    %pushi/vec4 1, 0, 1;
    %store/vec4 v0000023bd3a3c4e0_0, 0, 1;
    %jmp T_8.8;
T_8.8 ;
    %pop/vec4 1;
    %jmp T_8;
    .thread T_8, $push;
    .scope S_0000023bd3a3b540;
T_9 ;
    %wait E_0000023bd399db90;
    %pushi/vec4 0, 0, 1;
    %store/vec4 v0000023bd3a38fb0_0, 0, 1;
    %pushi/vec4 0, 0, 1;
    %store/vec4 v0000023bd3a39050_0, 0, 1;
    %pushi/vec4 0, 0, 1;
    %store/vec4 v0000023bd3a390f0_0, 0, 1;
    %pushi/vec4 0, 0, 1;
    %store/vec4 v0000023bd3a3bf40_0, 0, 1;
    %pushi/vec4 0, 0, 1;
    %store/vec4 v0000023bd3a3c6c0_0, 0, 1;
    %pushi/vec4 0, 0, 1;
    %store/vec4 v0000023bd3a3c9e0_0, 0, 1;
    %pushi/vec4 0, 0, 1;
    %store/vec4 v0000023bd3a3c300_0, 0, 1;
    %pushi/vec4 0, 0, 1;
    %store/vec4 v0000023bd3a3c760_0, 0, 1;
    %load/vec4 v0000023bd3a3cee0_0;
    %dup/vec4;
    %pushi/vec4 0, 0, 3;
    %cmp/u;
    %jmp/1 T_9.0, 6;
    %dup/vec4;
    %pushi/vec4 1, 0, 3;
    %cmp/u;
    %jmp/1 T_9.1, 6;
    %dup/vec4;
    %pushi/vec4 2, 0, 3;
    %cmp/u;
    %jmp/1 T_9.2, 6;
    %dup/vec4;
    %pushi/vec4 3, 0, 3;
    %cmp/u;
    %jmp/1 T_9.3, 6;
    %dup/vec4;
    %pushi/vec4 4, 0, 3;
    %cmp/u;
    %jmp/1 T_9.4, 6;
    %dup/vec4;
    %pushi/vec4 5, 0, 3;
    %cmp/u;
    %jmp/1 T_9.5, 6;
    %dup/vec4;
    %pushi/vec4 6, 0, 3;
    %cmp/u;
    %jmp/1 T_9.6, 6;
    %dup/vec4;
    %pushi/vec4 7, 0, 3;
    %cmp/u;
    %jmp/1 T_9.7, 6;
    %jmp T_9.8;
T_9.0 ;
    %pushi/vec4 1, 0, 1;
    %store/vec4 v0000023bd3a38fb0_0, 0, 1;
    %jmp T_9.8;
T_9.1 ;
    %pushi/vec4 1, 0, 1;
    %store/vec4 v0000023bd3a39050_0, 0, 1;
    %jmp T_9.8;
T_9.2 ;
    %pushi/vec4 1, 0, 1;
    %store/vec4 v0000023bd3a390f0_0, 0, 1;
    %jmp T_9.8;
T_9.3 ;
    %pushi/vec4 1, 0, 1;
    %store/vec4 v0000023bd3a3bf40_0, 0, 1;
    %jmp T_9.8;
T_9.4 ;
    %pushi/vec4 1, 0, 1;
    %store/vec4 v0000023bd3a3c6c0_0, 0, 1;
    %jmp T_9.8;
T_9.5 ;
    %pushi/vec4 1, 0, 1;
    %store/vec4 v0000023bd3a3c9e0_0, 0, 1;
    %jmp T_9.8;
T_9.6 ;
    %pushi/vec4 1, 0, 1;
    %store/vec4 v0000023bd3a3c300_0, 0, 1;
    %jmp T_9.8;
T_9.7 ;
    %pushi/vec4 1, 0, 1;
    %store/vec4 v0000023bd3a3c760_0, 0, 1;
    %jmp T_9.8;
T_9.8 ;
    %pop/vec4 1;
    %jmp T_9;
    .thread T_9, $push;
    .scope S_0000023bd3a3b3b0;
T_10 ;
    %wait E_0000023bd399d850;
    %pushi/vec4 0, 0, 1;
    %store/vec4 v0000023bd3a38c90_0, 0, 1;
    %pushi/vec4 0, 0, 1;
    %store/vec4 v0000023bd3a386f0_0, 0, 1;
    %pushi/vec4 0, 0, 1;
    %store/vec4 v0000023bd3a372f0_0, 0, 1;
    %pushi/vec4 0, 0, 1;
    %store/vec4 v0000023bd3a37250_0, 0, 1;
    %pushi/vec4 0, 0, 1;
    %store/vec4 v0000023bd3a38f10_0, 0, 1;
    %pushi/vec4 0, 0, 1;
    %store/vec4 v0000023bd3a37d90_0, 0, 1;
    %pushi/vec4 0, 0, 1;
    %store/vec4 v0000023bd3a37f70_0, 0, 1;
    %pushi/vec4 0, 0, 1;
    %store/vec4 v0000023bd3a38790_0, 0, 1;
    %load/vec4 v0000023bd3a37570_0;
    %dup/vec4;
    %pushi/vec4 0, 0, 3;
    %cmp/u;
    %jmp/1 T_10.0, 6;
    %dup/vec4;
    %pushi/vec4 1, 0, 3;
    %cmp/u;
    %jmp/1 T_10.1, 6;
    %dup/vec4;
    %pushi/vec4 2, 0, 3;
    %cmp/u;
    %jmp/1 T_10.2, 6;
    %dup/vec4;
    %pushi/vec4 3, 0, 3;
    %cmp/u;
    %jmp/1 T_10.3, 6;
    %dup/vec4;
    %pushi/vec4 4, 0, 3;
    %cmp/u;
    %jmp/1 T_10.4, 6;
    %dup/vec4;
    %pushi/vec4 5, 0, 3;
    %cmp/u;
    %jmp/1 T_10.5, 6;
    %dup/vec4;
    %pushi/vec4 6, 0, 3;
    %cmp/u;
    %jmp/1 T_10.6, 6;
    %dup/vec4;
    %pushi/vec4 7, 0, 3;
    %cmp/u;
    %jmp/1 T_10.7, 6;
    %jmp T_10.8;
T_10.0 ;
    %pushi/vec4 1, 0, 1;
    %store/vec4 v0000023bd3a38c90_0, 0, 1;
    %jmp T_10.8;
T_10.1 ;
    %pushi/vec4 1, 0, 1;
    %store/vec4 v0000023bd3a386f0_0, 0, 1;
    %jmp T_10.8;
T_10.2 ;
    %pushi/vec4 1, 0, 1;
    %store/vec4 v0000023bd3a372f0_0, 0, 1;
    %jmp T_10.8;
T_10.3 ;
    %pushi/vec4 1, 0, 1;
    %store/vec4 v0000023bd3a37250_0, 0, 1;
    %jmp T_10.8;
T_10.4 ;
    %pushi/vec4 1, 0, 1;
    %store/vec4 v0000023bd3a38f10_0, 0, 1;
    %jmp T_10.8;
T_10.5 ;
    %pushi/vec4 1, 0, 1;
    %store/vec4 v0000023bd3a37d90_0, 0, 1;
    %jmp T_10.8;
T_10.6 ;
    %pushi/vec4 1, 0, 1;
    %store/vec4 v0000023bd3a37f70_0, 0, 1;
    %jmp T_10.8;
T_10.7 ;
    %pushi/vec4 1, 0, 1;
    %store/vec4 v0000023bd3a38790_0, 0, 1;
    %jmp T_10.8;
T_10.8 ;
    %pop/vec4 1;
    %jmp T_10;
    .thread T_10, $push;
    .scope S_0000023bd3a3b220;
T_11 ;
    %wait E_0000023bd399d610;
    %pushi/vec4 0, 0, 1;
    %store/vec4 v0000023bd3a38150_0, 0, 1;
    %pushi/vec4 0, 0, 1;
    %store/vec4 v0000023bd3a38470_0, 0, 1;
    %pushi/vec4 0, 0, 1;
    %store/vec4 v0000023bd3a37b10_0, 0, 1;
    %pushi/vec4 0, 0, 1;
    %store/vec4 v0000023bd3a38d30_0, 0, 1;
    %pushi/vec4 0, 0, 1;
    %store/vec4 v0000023bd3a37cf0_0, 0, 1;
    %pushi/vec4 0, 0, 1;
    %store/vec4 v0000023bd3a374d0_0, 0, 1;
    %pushi/vec4 0, 0, 1;
    %store/vec4 v0000023bd3a38dd0_0, 0, 1;
    %pushi/vec4 0, 0, 1;
    %store/vec4 v0000023bd3a38510_0, 0, 1;
    %load/vec4 v0000023bd3a385b0_0;
    %dup/vec4;
    %pushi/vec4 0, 0, 3;
    %cmp/u;
    %jmp/1 T_11.0, 6;
    %dup/vec4;
    %pushi/vec4 1, 0, 3;
    %cmp/u;
    %jmp/1 T_11.1, 6;
    %dup/vec4;
    %pushi/vec4 2, 0, 3;
    %cmp/u;
    %jmp/1 T_11.2, 6;
    %dup/vec4;
    %pushi/vec4 3, 0, 3;
    %cmp/u;
    %jmp/1 T_11.3, 6;
    %dup/vec4;
    %pushi/vec4 4, 0, 3;
    %cmp/u;
    %jmp/1 T_11.4, 6;
    %dup/vec4;
    %pushi/vec4 5, 0, 3;
    %cmp/u;
    %jmp/1 T_11.5, 6;
    %dup/vec4;
    %pushi/vec4 6, 0, 3;
    %cmp/u;
    %jmp/1 T_11.6, 6;
    %dup/vec4;
    %pushi/vec4 7, 0, 3;
    %cmp/u;
    %jmp/1 T_11.7, 6;
    %jmp T_11.8;
T_11.0 ;
    %pushi/vec4 1, 0, 1;
    %store/vec4 v0000023bd3a38150_0, 0, 1;
    %jmp T_11.8;
T_11.1 ;
    %pushi/vec4 1, 0, 1;
    %store/vec4 v0000023bd3a38470_0, 0, 1;
    %jmp T_11.8;
T_11.2 ;
    %pushi/vec4 1, 0, 1;
    %store/vec4 v0000023bd3a37b10_0, 0, 1;
    %jmp T_11.8;
T_11.3 ;
    %pushi/vec4 1, 0, 1;
    %store/vec4 v0000023bd3a38d30_0, 0, 1;
    %jmp T_11.8;
T_11.4 ;
    %pushi/vec4 1, 0, 1;
    %store/vec4 v0000023bd3a37cf0_0, 0, 1;
    %jmp T_11.8;
T_11.5 ;
    %pushi/vec4 1, 0, 1;
    %store/vec4 v0000023bd3a374d0_0, 0, 1;
    %jmp T_11.8;
T_11.6 ;
    %pushi/vec4 1, 0, 1;
    %store/vec4 v0000023bd3a38dd0_0, 0, 1;
    %jmp T_11.8;
T_11.7 ;
    %pushi/vec4 1, 0, 1;
    %store/vec4 v0000023bd3a38510_0, 0, 1;
    %jmp T_11.8;
T_11.8 ;
    %pop/vec4 1;
    %jmp T_11;
    .thread T_11, $push;
# The file index is used to find the file name in the following table.
:file_names 3;
    "N/A";
    "<interactive>";
    "DE2_S14_G3.v";
